<?xml version="1.0" encoding="UTF-8"?>
<!-- Generated by org.testng.reporters.JUnitReportReporter -->
<testsuite hostname="DESKTOP-R97L6J5" failures="0" tests="4" name="com.filta.qa.customer_test.Create_CustomerFB_TestCase" time="56.645" errors="0" timestamp="2019-10-28T00:20:28 IST" skipped="0">
  <testcase classname="com.filta.qa.customer_test.Create_CustomerFB_TestCase" name="test" time="20.673"/>
  <testcase classname="com.filta.qa.customer_test.Create_CustomerFB_TestCase" name="testDefaultPricingYes" time="17.243"/>
  <testcase classname="com.filta.qa.customer_test.Create_CustomerFB_TestCase" name="testDefaultPricingYesPriceNotSet" time="12.458"/>
  <testcase classname="com.filta.qa.customer_test.Create_CustomerFB_TestCase" name="testLeadToCustomer" time="6.271"/>
</testsuite> <!-- com.filta.qa.customer_test.Create_CustomerFB_TestCase -->
