<?xml version="1.0" encoding="UTF-8"?>
<!-- Generated by org.testng.reporters.JUnitReportReporter -->
<testsuite skipped="0" hostname="QA020" name="testCases_LoginPage.ForgetPassword_TestCase" tests="7" failures="0" timestamp="28 Mar 2019 05:04:43 GMT" time="7.557" errors="0">
  <testcase name="forgotpassword" time="3.627" classname="testCases_LoginPage.ForgetPassword_TestCase"/>
  <testcase name="forgotpasswordInvalid" time="1.380" classname="testCases_LoginPage.ForgetPassword_TestCase"/>
  <testcase name="forgotpasswordInvalid2" time="1.333" classname="testCases_LoginPage.ForgetPassword_TestCase"/>
  <testcase name="forgotpasswordInvalid3" time="0.252" classname="testCases_LoginPage.ForgetPassword_TestCase"/>
  <testcase name="forgotpasswordInvalid4" time="0.216" classname="testCases_LoginPage.ForgetPassword_TestCase"/>
  <testcase name="textboxCheck" time="0.042" classname="testCases_LoginPage.ForgetPassword_TestCase"/>
  <testcase name="labelCheck" time="0.707" classname="testCases_LoginPage.ForgetPassword_TestCase"/>
</testsuite> <!-- testCases_LoginPage.ForgetPassword_TestCase -->
