<?xml version="1.0" encoding="UTF-8"?>
<!-- Generated by org.testng.reporters.JUnitReportReporter -->
<testsuite skipped="0" hostname="DESKTOP-CAL1G80" name="testCases_Customer.PerFryer_TestCase" tests="2" failures="0" timestamp="16 May 2019 17:35:27 GMT" time="36.540" errors="0">
  <testcase name="checkCustomerURL" time="5.142" classname="testCases_Customer.PerFryer_TestCase"/>
  <testcase name="checkCustomerBasicInfo" time="31.398" classname="testCases_Customer.PerFryer_TestCase"/>
</testsuite> <!-- testCases_Customer.PerFryer_TestCase -->
