<?xml version="1.0" encoding="UTF-8"?>
<!-- Generated by org.testng.reporters.JUnitReportReporter -->
<testsuite hostname="DESKTOP-QAAM6LB" failures="0" tests="8" name="com.filta.qa.home_franchisee_test.UserPage_TestCase" time="71.457" errors="0" timestamp="2019-09-08T12:45:44 IST" skipped="0">
  <testcase classname="com.filta.qa.home_franchisee_test.UserPage_TestCase" name="checkURL" time="7.149"/>
  <testcase classname="com.filta.qa.home_franchisee_test.UserPage_TestCase" name="checkButtonName" time="5.003"/>
  <testcase classname="com.filta.qa.home_franchisee_test.UserPage_TestCase" name="buttonBackGroundWithoutMouseOverview" time="4.337"/>
  <testcase classname="com.filta.qa.home_franchisee_test.UserPage_TestCase" name="buttonBackGroundWithMouseOverview" time="4.689"/>
  <testcase classname="com.filta.qa.home_franchisee_test.UserPage_TestCase" name="buttonToolTipCheck" time="3.668"/>
  <testcase classname="com.filta.qa.home_franchisee_test.UserPage_TestCase" name="tabnamesCheck" time="3.179"/>
  <testcase classname="com.filta.qa.home_franchisee_test.UserPage_TestCase" name="checkDataOfUserProfile" time="14.516"/>
  <testcase classname="com.filta.qa.home_franchisee_test.UserPage_TestCase" name="checkPasswordPageOnEdit" time="28.916"/>
</testsuite> <!-- com.filta.qa.home_franchisee_test.UserPage_TestCase -->
