<?xml version="1.0" encoding="UTF-8"?>
<!-- Generated by org.testng.reporters.JUnitReportReporter -->
<testsuite hostname="DESKTOP-QAAM6LB" failures="0" tests="1" name="com.filta.qa.customer_test.FixedCost_TestCase" time="0.035" errors="0" timestamp="2019-10-05T21:27:08 IST" skipped="0">
  <testcase classname="com.filta.qa.customer_test.FixedCost_TestCase" name="test" time="0.035"/>
</testsuite> <!-- com.filta.qa.customer_test.FixedCost_TestCase -->
