<?xml version="1.0" encoding="UTF-8"?>
<!-- Generated by org.testng.reporters.JUnitReportReporter -->
<testsuite skipped="0" hostname="DESKTOP-UEV8QTG" name="testCases_HomePageFranchisee.HomePage_TestCase" tests="8" failures="0" timestamp="02 Apr 2019 17:06:20 GMT" time="33.725" errors="0">
  <testcase name="checkMenubar" time="0.575" classname="testCases_HomePageFranchisee.HomePage_TestCase"/>
  <testcase name="menuScreenCheck" time="4.729" classname="testCases_HomePageFranchisee.HomePage_TestCase"/>
  <testcase name="checkText" time="1.450" classname="testCases_HomePageFranchisee.HomePage_TestCase"/>
  <testcase name="checkTable" time="2.353" classname="testCases_HomePageFranchisee.HomePage_TestCase"/>
  <testcase name="checkToolTip" time="0.370" classname="testCases_HomePageFranchisee.HomePage_TestCase"/>
  <testcase name="checkWidget" time="15.245" classname="testCases_HomePageFranchisee.HomePage_TestCase"/>
  <testcase name="checkColor" time="0.546" classname="testCases_HomePageFranchisee.HomePage_TestCase"/>
  <testcase name="checkUserNameOnHomePage" time="8.457" classname="testCases_HomePageFranchisee.HomePage_TestCase"/>
</testsuite> <!-- testCases_HomePageFranchisee.HomePage_TestCase -->
