<?xml version="1.0" encoding="UTF-8"?>
<!-- Generated by org.testng.reporters.JUnitReportReporter -->
<testsuite skipped="0" hostname="DESKTOP-CAL1G80" name="testCases_LoginPage.ForgetPassword_TestCase" tests="7" failures="0" timestamp="05 Apr 2019 20:51:27 GMT" time="12.143" errors="0">
  <testcase name="forgotpassword" time="5.780" classname="testCases_LoginPage.ForgetPassword_TestCase"/>
  <testcase name="forgotpasswordInvalid" time="1.785" classname="testCases_LoginPage.ForgetPassword_TestCase"/>
  <testcase name="forgotpasswordInvalid2" time="1.524" classname="testCases_LoginPage.ForgetPassword_TestCase"/>
  <testcase name="forgotpasswordInvalid3" time="0.758" classname="testCases_LoginPage.ForgetPassword_TestCase"/>
  <testcase name="forgotpasswordInvalid4" time="0.638" classname="testCases_LoginPage.ForgetPassword_TestCase"/>
  <testcase name="textboxCheck" time="0.098" classname="testCases_LoginPage.ForgetPassword_TestCase"/>
  <testcase name="labelCheck" time="1.560" classname="testCases_LoginPage.ForgetPassword_TestCase"/>
</testsuite> <!-- testCases_LoginPage.ForgetPassword_TestCase -->
