<?xml version="1.0" encoding="UTF-8"?>
<!-- Generated by org.testng.reporters.JUnitReportReporter -->
<testsuite hostname="QA020" name="testCases_LoginPage.LogIn_TestCase" tests="1" failures="0" timestamp="4 Apr 2019 07:26:34 GMT" time="10.448" errors="0">
  <testcase name="SignInTesting" time="10.448" classname="testCases_LoginPage.LogIn_TestCase"/>
</testsuite> <!-- testCases_LoginPage.LogIn_TestCase -->
