<?xml version="1.0" encoding="UTF-8"?>
<!-- Generated by org.testng.reporters.JUnitReportReporter -->
<testsuite skipped="0" hostname="DESKTOP-UEV8QTG" name="testCases_LoginPage.Login_TestCase" tests="1" failures="0" timestamp="28 Mar 2019 18:58:29 GMT" time="19.505" errors="0">
  <testcase name="SignInTesting" time="19.505" classname="testCases_LoginPage.Login_TestCase"/>
</testsuite> <!-- testCases_LoginPage.Login_TestCase -->
