<?xml version="1.0" encoding="UTF-8"?>
<!-- Generated by org.testng.reporters.JUnitReportReporter -->
<testsuite hostname="QA020" name="com.filta.qa.operations_test.OperationCycle_TestCase" tests="2" failures="0" timestamp="8 Nov 2019 13:12:55 GMT" time="14.929" errors="0">
  <testcase name="test" time="9.658" classname="com.filta.qa.operations_test.OperationCycle_TestCase"/>
  <testcase name="test1" time="5.271" classname="com.filta.qa.operations_test.OperationCycle_TestCase"/>
</testsuite> <!-- com.filta.qa.operations_test.OperationCycle_TestCase -->
