<?xml version="1.0" encoding="UTF-8"?>
<!-- Generated by org.testng.reporters.JUnitReportReporter -->
<testsuite skipped="0" hostname="DESKTOP-CAL1G80" name="testCases_HomePageFranchisee.HomePage_TestCase" tests="8" failures="0" timestamp="14 May 2019 18:05:37 GMT" time="59.303" errors="0">
  <testcase name="checkMenubar" time="0.375" classname="testCases_HomePageFranchisee.HomePage_TestCase"/>
  <testcase name="menuScreenCheck" time="5.204" classname="testCases_HomePageFranchisee.HomePage_TestCase"/>
  <testcase name="checkText" time="1.448" classname="testCases_HomePageFranchisee.HomePage_TestCase"/>
  <testcase name="checkTable" time="2.088" classname="testCases_HomePageFranchisee.HomePage_TestCase"/>
  <testcase name="checkToolTip" time="0.315" classname="testCases_HomePageFranchisee.HomePage_TestCase"/>
  <testcase name="checkWidget" time="19.755" classname="testCases_HomePageFranchisee.HomePage_TestCase"/>
  <testcase name="checkColor" time="0.706" classname="testCases_HomePageFranchisee.HomePage_TestCase"/>
  <testcase name="checkUserNameOnHomePage" time="29.412" classname="testCases_HomePageFranchisee.HomePage_TestCase"/>
</testsuite> <!-- testCases_HomePageFranchisee.HomePage_TestCase -->
