<?xml version="1.0" encoding="UTF-8"?>
<!-- Generated by org.testng.reporters.JUnitReportReporter -->
<testsuite hostname="DESKTOP-R97L6J5" failures="0" tests="6" name="com.filta.qa.login_test.LogInInvalid_TestCase" time="8.791" errors="0" timestamp="2019-10-28T13:42:25 IST" skipped="0">
  <testcase classname="com.filta.qa.login_test.LogInInvalid_TestCase" name="signInWithInvalidCredentails" time="1.688"/>
  <testcase classname="com.filta.qa.login_test.LogInInvalid_TestCase" name="signInWithInvalidCredentails2" time="1.692"/>
  <testcase classname="com.filta.qa.login_test.LogInInvalid_TestCase" name="signInWithInvalidCredentails4" time="1.714"/>
  <testcase classname="com.filta.qa.login_test.LogInInvalid_TestCase" name="signInWithInvalidCredentails3" time="1.720"/>
  <testcase classname="com.filta.qa.login_test.LogInInvalid_TestCase" name="availableLinks" time="0.086"/>
  <testcase classname="com.filta.qa.login_test.LogInInvalid_TestCase" name="getBrokenLink" time="1.891"/>
</testsuite> <!-- com.filta.qa.login_test.LogInInvalid_TestCase -->
