<?xml version="1.0" encoding="UTF-8"?>
<!-- Generated by org.testng.reporters.JUnitReportReporter -->
<testsuite skipped="0" hostname="DESKTOP-CAL1G80" name="testCases_Customer.PerFryer_TestCase" tests="1" failures="0" timestamp="02 Jun 2019 16:20:46 GMT" time="0.017" errors="0">
  <testcase name="test" time="0.017" classname="testCases_Customer.PerFryer_TestCase"/>
</testsuite> <!-- testCases_Customer.PerFryer_TestCase -->
