<?xml version="1.0" encoding="UTF-8"?>
<!-- Generated by org.testng.reporters.JUnitReportReporter -->
<testsuite hostname="DESKTOP-R97L6J5" failures="0" tests="2" name="com.filta.qa.customer_test.Create_CustomerFB_TestCase" time="22.453" errors="0" timestamp="2019-10-24T00:52:25 IST" skipped="0">
  <testcase classname="com.filta.qa.customer_test.Create_CustomerFB_TestCase" name="test" time="22.437"/>
  <testcase classname="com.filta.qa.customer_test.Create_CustomerFB_TestCase" name="testDefaultPricingYes" time="0.016"/>
</testsuite> <!-- com.filta.qa.customer_test.Create_CustomerFB_TestCase -->
