<?xml version="1.0" encoding="UTF-8"?>
<!-- Generated by org.testng.reporters.JUnitReportReporter -->
<testsuite skipped="0" hostname="QA020" name="testCases_LoginPage.LoginPage_TestCase" tests="6" failures="0" timestamp="28 Mar 2019 13:34:00 GMT" time="1.139" errors="0">
  <testcase name="checktext" time="0.050" classname="testCases_LoginPage.LoginPage_TestCase"/>
  <testcase name="checkDropDown" time="0.155" classname="testCases_LoginPage.LoginPage_TestCase"/>
  <testcase name="footerCheck" time="0.058" classname="testCases_LoginPage.LoginPage_TestCase"/>
  <testcase name="checkURL" time="0.686" classname="testCases_LoginPage.LoginPage_TestCase"/>
  <testcase name="checkTextBox" time="0.063" classname="testCases_LoginPage.LoginPage_TestCase"/>
  <testcase name="checkLabel" time="0.127" classname="testCases_LoginPage.LoginPage_TestCase"/>
</testsuite> <!-- testCases_LoginPage.LoginPage_TestCase -->
