<?xml version="1.0" encoding="UTF-8"?>
<!-- Generated by org.testng.reporters.JUnitReportReporter -->
<testsuite skipped="0" hostname="DESKTOP-CAL1G80" name="testCases.LoginInvalid_TestCase" tests="4" failures="0" timestamp="24 Mar 2019 13:31:29 GMT" time="9.604" errors="0">
  <testcase name="signInWithInvalidCredentails" time="2.308" classname="testCases.LoginInvalid_TestCase"/>
  <testcase name="signInWithInvalidCredentails2" time="2.360" classname="testCases.LoginInvalid_TestCase"/>
  <testcase name="signInWithInvalidCredentails3" time="2.506" classname="testCases.LoginInvalid_TestCase"/>
  <testcase name="signInWithInvalidCredentails4" time="2.430" classname="testCases.LoginInvalid_TestCase"/>
</testsuite> <!-- testCases.LoginInvalid_TestCase -->
