<?xml version="1.0" encoding="UTF-8"?>
<!-- Generated by org.testng.reporters.JUnitReportReporter -->
<testsuite skipped="0" hostname="DESKTOP-CAL1G80" name="testCases.Login_TestCase" tests="1" failures="0" timestamp="24 Mar 2019 09:09:53 GMT" time="19.443" errors="0">
  <testcase name="SignInTesting" time="19.443" classname="testCases.Login_TestCase"/>
</testsuite> <!-- testCases.Login_TestCase -->
