<?xml version="1.0" encoding="UTF-8"?>
<!-- Generated by org.testng.reporters.JUnitReportReporter -->
<testsuite hostname="DESKTOP-QAAM6LB" failures="0" tests="1" name="com.filta.qa.login_test.LogIn_TestCase" time="22.000" errors="0" timestamp="2019-09-06T23:12:30 IST" skipped="0">
  <testcase classname="com.filta.qa.login_test.LogIn_TestCase" name="SignInTesting" time="22.000"/>
</testsuite> <!-- com.filta.qa.login_test.LogIn_TestCase -->
