<?xml version="1.0" encoding="UTF-8"?>
<!-- Generated by org.testng.reporters.JUnitReportReporter -->
<testsuite hostname="QA020" name="testCases_HomePageFranchisee.HomePage_TestCase" tests="8" failures="0" timestamp="2 Apr 2019 10:16:15 GMT" time="32.411" errors="0">
  <testcase name="checkTable" time="0.861" classname="testCases_HomePageFranchisee.HomePage_TestCase"/>
  <testcase name="checkMenubar" time="0.295" classname="testCases_HomePageFranchisee.HomePage_TestCase"/>
  <testcase name="checkText" time="0.578" classname="testCases_HomePageFranchisee.HomePage_TestCase"/>
  <testcase name="menuScreenCheck" time="4.402" classname="testCases_HomePageFranchisee.HomePage_TestCase"/>
  <testcase name="checkToolTip" time="0.119" classname="testCases_HomePageFranchisee.HomePage_TestCase"/>
  <testcase name="checkUserNameOnHomePage" time="12.953" classname="testCases_HomePageFranchisee.HomePage_TestCase"/>
  <testcase name="checkColor" time="0.211" classname="testCases_HomePageFranchisee.HomePage_TestCase"/>
  <testcase name="checkWidget" time="12.992" classname="testCases_HomePageFranchisee.HomePage_TestCase"/>
</testsuite> <!-- testCases_HomePageFranchisee.HomePage_TestCase -->
