<?xml version="1.0" encoding="UTF-8"?>
<!-- Generated by org.testng.reporters.JUnitReportReporter -->
<testsuite hostname="DESKTOP-R97L6J5" failures="0" tests="1" name="com.filta.qa.login_test.LogIn_TestCase" time="18.545" errors="0" timestamp="2019-10-28T13:42:25 IST" skipped="0">
  <testcase classname="com.filta.qa.login_test.LogIn_TestCase" name="signInTesting" time="18.545"/>
</testsuite> <!-- com.filta.qa.login_test.LogIn_TestCase -->
