<?xml version="1.0" encoding="UTF-8"?>
<!-- Generated by org.testng.reporters.JUnitReportReporter -->
<testsuite hostname="DESKTOP-R97L6J5" failures="0" tests="7" name="com.filta.qa.operations_test.OperationsSubModule_TestCase" time="348.342" errors="0" timestamp="2019-11-08T20:51:59 IST" skipped="0">
  <testcase classname="com.filta.qa.operations_test.OperationsSubModule_TestCase" name="test" time="48.389"/>
  <testcase classname="com.filta.qa.operations_test.OperationsSubModule_TestCase" name="test1" time="43.241"/>
  <testcase classname="com.filta.qa.operations_test.OperationsSubModule_TestCase" name="test2" time="48.506"/>
  <testcase classname="com.filta.qa.operations_test.OperationsSubModule_TestCase" name="test3" time="45.767"/>
  <testcase classname="com.filta.qa.operations_test.OperationsSubModule_TestCase" name="test4" time="47.964"/>
  <testcase classname="com.filta.qa.operations_test.OperationsSubModule_TestCase" name="test5" time="40.848"/>
  <testcase classname="com.filta.qa.operations_test.OperationsSubModule_TestCase" name="test6" time="73.627"/>
</testsuite> <!-- com.filta.qa.operations_test.OperationsSubModule_TestCase -->
