<?xml version="1.0" encoding="UTF-8"?>
<!-- Generated by org.testng.reporters.JUnitReportReporter -->
<testsuite skipped="0" hostname="DESKTOP-CAL1G80" name="testCases_LoginPage.LoginInvalid_TestCase" tests="1" failures="0" timestamp="28 Mar 2019 19:11:45 GMT" time="1.678" errors="0">
  <testcase name="signInWithInvalidCredentails" time="1.678" classname="testCases_LoginPage.LoginInvalid_TestCase"/>
</testsuite> <!-- testCases_LoginPage.LoginInvalid_TestCase -->
