<?xml version="1.0" encoding="UTF-8"?>
<!-- Generated by org.testng.reporters.JUnitReportReporter -->
<testsuite hostname="QA020" name="com.filta.qa.customer_test.CreateCustomerFB_TestCase" tests="3" failures="0" timestamp="8 Nov 2019 06:06:49 GMT" time="38.827" errors="0">
  <testcase name="testDefaultPricingYes" time="13.097" classname="com.filta.qa.customer_test.CreateCustomerFB_TestCase"/>
  <testcase name="test" time="15.835" classname="com.filta.qa.customer_test.CreateCustomerFB_TestCase"/>
  <testcase name="testDefaultPricingYesPriceNotSet" time="9.895" classname="com.filta.qa.customer_test.CreateCustomerFB_TestCase"/>
</testsuite> <!-- com.filta.qa.customer_test.CreateCustomerFB_TestCase -->
