<?xml version="1.0" encoding="UTF-8"?>
<!-- Generated by org.testng.reporters.JUnitReportReporter -->
<testsuite hostname="QA020" name="com.filta.qa.login_test.LogInPage_TestCase" tests="8" failures="0" timestamp="8 Nov 2019 06:06:48 GMT" time="4.576" errors="0">
  <testcase name="getBrokenLink" time="3.381" classname="com.filta.qa.login_test.LogInPage_TestCase"/>
  <testcase name="checktext" time="0.048" classname="com.filta.qa.login_test.LogInPage_TestCase"/>
  <testcase name="checkDropDown" time="0.153" classname="com.filta.qa.login_test.LogInPage_TestCase"/>
  <testcase name="availableLinks" time="0.097" classname="com.filta.qa.login_test.LogInPage_TestCase"/>
  <testcase name="checkURL" time="0.649" classname="com.filta.qa.login_test.LogInPage_TestCase"/>
  <testcase name="checkTextBox" time="0.075" classname="com.filta.qa.login_test.LogInPage_TestCase"/>
  <testcase name="footerCheck" time="0.051" classname="com.filta.qa.login_test.LogInPage_TestCase"/>
  <testcase name="checkLabel" time="0.122" classname="com.filta.qa.login_test.LogInPage_TestCase"/>
</testsuite> <!-- com.filta.qa.login_test.LogInPage_TestCase -->
