<?xml version="1.0" encoding="UTF-8"?>
<!-- Generated by org.testng.reporters.JUnitReportReporter -->
<testsuite skipped="0" hostname="DESKTOP-CAL1G80" name="testCases_HomePageFranchisee.HomePage_TestCase" tests="8" failures="0" timestamp="05 Apr 2019 20:54:02 GMT" time="46.569" errors="0">
  <testcase name="checkMenubar" time="0.590" classname="testCases_HomePageFranchisee.HomePage_TestCase"/>
  <testcase name="menuScreenCheck" time="5.424" classname="testCases_HomePageFranchisee.HomePage_TestCase"/>
  <testcase name="checkText" time="1.426" classname="testCases_HomePageFranchisee.HomePage_TestCase"/>
  <testcase name="checkTable" time="2.512" classname="testCases_HomePageFranchisee.HomePage_TestCase"/>
  <testcase name="checkToolTip" time="0.479" classname="testCases_HomePageFranchisee.HomePage_TestCase"/>
  <testcase name="checkWidget" time="26.243" classname="testCases_HomePageFranchisee.HomePage_TestCase"/>
  <testcase name="checkColor" time="0.757" classname="testCases_HomePageFranchisee.HomePage_TestCase"/>
  <testcase name="checkUserNameOnHomePage" time="9.138" classname="testCases_HomePageFranchisee.HomePage_TestCase"/>
</testsuite> <!-- testCases_HomePageFranchisee.HomePage_TestCase -->
