<?xml version="1.0" encoding="UTF-8"?>
<!-- Generated by org.testng.reporters.JUnitReportReporter -->
<testsuite skipped="0" hostname="DESKTOP-UEV8QTG" name="testCases_LoginPage.ForgetPassword_TestCase" tests="7" failures="0" timestamp="02 Apr 2019 17:25:00 GMT" time="8.316" errors="0">
  <testcase name="forgotpassword" time="4.116" classname="testCases_LoginPage.ForgetPassword_TestCase"/>
  <testcase name="forgotpasswordInvalid" time="1.282" classname="testCases_LoginPage.ForgetPassword_TestCase"/>
  <testcase name="forgotpasswordInvalid2" time="1.123" classname="testCases_LoginPage.ForgetPassword_TestCase"/>
  <testcase name="forgotpasswordInvalid3" time="0.643" classname="testCases_LoginPage.ForgetPassword_TestCase"/>
  <testcase name="forgotpasswordInvalid4" time="0.583" classname="testCases_LoginPage.ForgetPassword_TestCase"/>
  <testcase name="textboxCheck" time="0.127" classname="testCases_LoginPage.ForgetPassword_TestCase"/>
  <testcase name="labelCheck" time="0.442" classname="testCases_LoginPage.ForgetPassword_TestCase"/>
</testsuite> <!-- testCases_LoginPage.ForgetPassword_TestCase -->
