<?xml version="1.0" encoding="UTF-8"?>
<!-- Generated by org.testng.reporters.JUnitReportReporter -->
<testsuite skipped="0" hostname="DESKTOP-CAL1G80" name="testCases_LoginPage.LogIn_TestCase" tests="1" failures="0" timestamp="05 Apr 2019 20:48:28 GMT" time="9.530" errors="0">
  <testcase name="SignInTesting" time="9.530" classname="testCases_LoginPage.LogIn_TestCase"/>
</testsuite> <!-- testCases_LoginPage.LogIn_TestCase -->
