<?xml version="1.0" encoding="UTF-8"?>
<!-- Generated by org.testng.reporters.JUnitReportReporter -->
<testsuite hostname="DESKTOP-R97L6J5" failures="0" tests="1" name="com.filta.qa.login_test.LogIn_TestCase" time="23.101" errors="0" timestamp="2020-02-07T00:24:14 IST" skipped="0">
  <testcase classname="com.filta.qa.login_test.LogIn_TestCase" name="signInTesting" time="23.101"/>
</testsuite> <!-- com.filta.qa.login_test.LogIn_TestCase -->
