<?xml version="1.0" encoding="UTF-8"?>
<!-- Generated by org.testng.reporters.JUnitReportReporter -->
<testsuite skipped="0" hostname="DESKTOP-CAL1G80" name="testCases_HomePageFranchisee.UserPage_TestCase" tests="10" failures="0" timestamp="14 Apr 2019 19:12:40 GMT" time="131.781" errors="0">
  <testcase name="checkURL" time="6.359" classname="testCases_HomePageFranchisee.UserPage_TestCase"/>
  <testcase name="checkButtonName" time="4.138" classname="testCases_HomePageFranchisee.UserPage_TestCase"/>
  <testcase name="buttonBackGroundWithMouseOverview" time="4.814" classname="testCases_HomePageFranchisee.UserPage_TestCase"/>
  <testcase name="buttonToolTipCheck" time="3.028" classname="testCases_HomePageFranchisee.UserPage_TestCase"/>
  <testcase name="buttonBackGroundWithoutMouseOverview" time="4.325" classname="testCases_HomePageFranchisee.UserPage_TestCase"/>
  <testcase name="tabnamesCheck" time="3.762" classname="testCases_HomePageFranchisee.UserPage_TestCase"/>
  <testcase name="checkDataOfUserProfile" time="13.355" classname="testCases_HomePageFranchisee.UserPage_TestCase"/>
  <testcase name="checkPasswordPageOnEdit" time="15.509" classname="testCases_HomePageFranchisee.UserPage_TestCase"/>
  <testcase name="checkThemesPageOnEdit" time="3.046" classname="testCases_HomePageFranchisee.UserPage_TestCase"/>
  <testcase name="checkAdvancedOfUserProfile" time="73.445" classname="testCases_HomePageFranchisee.UserPage_TestCase"/>
</testsuite> <!-- testCases_HomePageFranchisee.UserPage_TestCase -->
