<?xml version="1.0" encoding="UTF-8"?>
<!-- Generated by org.testng.reporters.JUnitReportReporter -->
<testsuite skipped="0" hostname="DESKTOP-CAL1G80" name="testCases_LoginPage.LogInPage_TestCase" tests="6" failures="0" timestamp="05 Apr 2019 20:50:45 GMT" time="3.975" errors="0">
  <testcase name="checktext" time="0.094" classname="testCases_LoginPage.LogInPage_TestCase"/>
  <testcase name="checkDropDown" time="0.366" classname="testCases_LoginPage.LogInPage_TestCase"/>
  <testcase name="footerCheck" time="0.139" classname="testCases_LoginPage.LogInPage_TestCase"/>
  <testcase name="checkURL" time="2.828" classname="testCases_LoginPage.LogInPage_TestCase"/>
  <testcase name="checkTextBox" time="0.106" classname="testCases_LoginPage.LogInPage_TestCase"/>
  <testcase name="checkLabel" time="0.442" classname="testCases_LoginPage.LogInPage_TestCase"/>
</testsuite> <!-- testCases_LoginPage.LogInPage_TestCase -->
