<?xml version="1.0" encoding="UTF-8"?>
<!-- Generated by org.testng.reporters.JUnitReportReporter -->
<testsuite hostname="QA020" name="com.filta.qa.login_test.LogIn_TestCase" tests="1" failures="0" timestamp="8 Nov 2019 06:06:49 GMT" time="11.710" errors="0">
  <testcase name="signInTesting" time="11.710" classname="com.filta.qa.login_test.LogIn_TestCase"/>
</testsuite> <!-- com.filta.qa.login_test.LogIn_TestCase -->
