<?xml version="1.0" encoding="UTF-8"?>
<!-- Generated by org.testng.reporters.JUnitReportReporter -->
<testsuite hostname="DESKTOP-R97L6J5" failures="0" tests="8" name="com.filta.qa.login_test.LogInPage_TestCase" time="12.041" errors="0" timestamp="2019-10-27T13:18:06 IST" skipped="0">
  <testcase classname="com.filta.qa.login_test.LogInPage_TestCase" name="checktext" time="0.090"/>
  <testcase classname="com.filta.qa.login_test.LogInPage_TestCase" name="checkDropDown" time="0.328"/>
  <testcase classname="com.filta.qa.login_test.LogInPage_TestCase" name="footerCheck" time="0.129"/>
  <testcase classname="com.filta.qa.login_test.LogInPage_TestCase" name="checkURL" time="8.807"/>
  <testcase classname="com.filta.qa.login_test.LogInPage_TestCase" name="checkTextBox" time="0.139"/>
  <testcase classname="com.filta.qa.login_test.LogInPage_TestCase" name="checkLabel" time="0.241"/>
  <testcase classname="com.filta.qa.login_test.LogInPage_TestCase" name="availableLinks" time="0.139"/>
  <testcase classname="com.filta.qa.login_test.LogInPage_TestCase" name="getBrokenLink" time="2.168"/>
</testsuite> <!-- com.filta.qa.login_test.LogInPage_TestCase -->
