<?xml version="1.0" encoding="UTF-8"?>
<!-- Generated by org.testng.reporters.JUnitReportReporter -->
<testsuite skipped="0" hostname="DESKTOP-CAL1G80" name="testCases_HomePageFranchisee.UserPage_TestCase" tests="10" failures="0" timestamp="12 Apr 2019 19:40:58 GMT" time="49.814" errors="0">
  <testcase name="checkURL" time="9.371" classname="testCases_HomePageFranchisee.UserPage_TestCase"/>
  <testcase name="buttonBackGroundWithoutMouseOverview" time="2.586" classname="testCases_HomePageFranchisee.UserPage_TestCase"/>
  <testcase name="buttonToolTipCheck" time="2.379" classname="testCases_HomePageFranchisee.UserPage_TestCase"/>
  <testcase name="checkButtonName" time="3.066" classname="testCases_HomePageFranchisee.UserPage_TestCase"/>
  <testcase name="buttonBackGroundWithMouseOverview" time="2.971" classname="testCases_HomePageFranchisee.UserPage_TestCase"/>
  <testcase name="tabnamesCheck" time="2.735" classname="testCases_HomePageFranchisee.UserPage_TestCase"/>
  <testcase name="checkDataOfUserProfile" time="7.737" classname="testCases_HomePageFranchisee.UserPage_TestCase"/>
  <testcase name="checkPasswordPageOnEdit" time="11.728" classname="testCases_HomePageFranchisee.UserPage_TestCase"/>
  <testcase name="checkThemesPageOnEdit" time="2.298" classname="testCases_HomePageFranchisee.UserPage_TestCase"/>
  <testcase name="checkAdvancedOfUserProfile" time="4.943" classname="testCases_HomePageFranchisee.UserPage_TestCase"/>
</testsuite> <!-- testCases_HomePageFranchisee.UserPage_TestCase -->
