<?xml version="1.0" encoding="UTF-8"?>
<!-- Generated by org.testng.reporters.JUnitReportReporter -->
<testsuite skipped="0" hostname="QA020" name="testCases_LoginPage.LoginPage_TestCase" tests="6" failures="0" timestamp="28 Mar 2019 13:28:51 GMT" time="1.133" errors="0">
  <testcase name="checktext" time="0.052" classname="testCases_LoginPage.LoginPage_TestCase"/>
  <testcase name="checkDropDown" time="0.159" classname="testCases_LoginPage.LoginPage_TestCase"/>
  <testcase name="footerCheck" time="0.059" classname="testCases_LoginPage.LoginPage_TestCase"/>
  <testcase name="checkURL" time="0.692" classname="testCases_LoginPage.LoginPage_TestCase"/>
  <testcase name="checkTextBox" time="0.069" classname="testCases_LoginPage.LoginPage_TestCase"/>
  <testcase name="checkLabel" time="0.102" classname="testCases_LoginPage.LoginPage_TestCase"/>
</testsuite> <!-- testCases_LoginPage.LoginPage_TestCase -->
