<?xml version="1.0" encoding="UTF-8"?>
<!-- Generated by org.testng.reporters.JUnitReportReporter -->
<testsuite skipped="0" hostname="DESKTOP-CAL1G80" name="testCases_Customer.PerFryer_TestCase" tests="5" failures="0" timestamp="17 May 2019 02:33:14 GMT" time="36.586" errors="0">
  <testcase name="checkCustomerURL" time="2.961" classname="testCases_Customer.PerFryer_TestCase"/>
  <testcase name="marketingInfo" time="7.508" classname="testCases_Customer.PerFryer_TestCase"/>
  <testcase name="unitInfo" time="2.388" classname="testCases_Customer.PerFryer_TestCase"/>
  <testcase name="checkCustomerBasicInfo" time="16.506" classname="testCases_Customer.PerFryer_TestCase"/>
  <testcase name="pricing_EstimatingInfo" time="7.223" classname="testCases_Customer.PerFryer_TestCase"/>
</testsuite> <!-- testCases_Customer.PerFryer_TestCase -->
