<?xml version="1.0" encoding="UTF-8"?>
<!-- Generated by org.testng.reporters.JUnitReportReporter -->
<testsuite skipped="0" hostname="DESKTOP-CAL1G80" name="testCases_LoginPage.LogInInvalid_TestCase" tests="4" failures="0" timestamp="05 Apr 2019 20:49:13 GMT" time="9.186" errors="0">
  <testcase name="signInWithInvalidCredentails" time="2.268" classname="testCases_LoginPage.LogInInvalid_TestCase"/>
  <testcase name="signInWithInvalidCredentails2" time="2.187" classname="testCases_LoginPage.LogInInvalid_TestCase"/>
  <testcase name="signInWithInvalidCredentails3" time="2.381" classname="testCases_LoginPage.LogInInvalid_TestCase"/>
  <testcase name="signInWithInvalidCredentails4" time="2.350" classname="testCases_LoginPage.LogInInvalid_TestCase"/>
</testsuite> <!-- testCases_LoginPage.LogInInvalid_TestCase -->
