<?xml version="1.0" encoding="UTF-8"?>
<!-- Generated by org.testng.reporters.JUnitReportReporter -->
<testsuite skipped="0" hostname="DESKTOP-CAL1G80" name="com.filta.qa.home_franchisee_test.UserPage_TestCase" tests="8" failures="0" timestamp="08 Jul 2019 07:43:36 GMT" time="44.225" errors="0">
  <testcase name="checkURL" time="6.277" classname="com.filta.qa.home_franchisee_test.UserPage_TestCase"/>
  <testcase name="buttonToolTipCheck" time="2.695" classname="com.filta.qa.home_franchisee_test.UserPage_TestCase"/>
  <testcase name="checkButtonName" time="3.697" classname="com.filta.qa.home_franchisee_test.UserPage_TestCase"/>
  <testcase name="buttonBackGroundWithMouseOverview" time="3.105" classname="com.filta.qa.home_franchisee_test.UserPage_TestCase"/>
  <testcase name="buttonBackGroundWithoutMouseOverview" time="3.287" classname="com.filta.qa.home_franchisee_test.UserPage_TestCase"/>
  <testcase name="tabnamesCheck" time="2.715" classname="com.filta.qa.home_franchisee_test.UserPage_TestCase"/>
  <testcase name="checkDataOfUserProfile" time="8.526" classname="com.filta.qa.home_franchisee_test.UserPage_TestCase"/>
  <testcase name="checkPasswordPageOnEdit" time="13.923" classname="com.filta.qa.home_franchisee_test.UserPage_TestCase"/>
</testsuite> <!-- com.filta.qa.home_franchisee_test.UserPage_TestCase -->
