<?xml version="1.0" encoding="UTF-8"?>
<!-- Generated by org.testng.reporters.JUnitReportReporter -->
<testsuite skipped="0" hostname="DESKTOP-CAL1G80" name="testCases_Customer.FixedCost_TestCase" tests="1" failures="0" timestamp="01 Jun 2019 18:07:48 GMT" time="0.036" errors="0">
  <testcase name="test" time="0.036" classname="testCases_Customer.FixedCost_TestCase"/>
</testsuite> <!-- testCases_Customer.FixedCost_TestCase -->
