<?xml version="1.0" encoding="UTF-8"?>
<!-- Generated by org.testng.reporters.JUnitReportReporter -->
<testsuite skipped="0" hostname="DESKTOP-CAL1G80" name="testCases_HomePageFranchisee.HomePage_TestCase" tests="7" failures="0" timestamp="31 Mar 2019 11:16:56 GMT" time="21.310" errors="0">
  <testcase name="checkMenubar" time="0.399" classname="testCases_HomePageFranchisee.HomePage_TestCase"/>
  <testcase name="menuScreenCheck" time="4.144" classname="testCases_HomePageFranchisee.HomePage_TestCase"/>
  <testcase name="checkText" time="0.948" classname="testCases_HomePageFranchisee.HomePage_TestCase"/>
  <testcase name="checkTable" time="1.440" classname="testCases_HomePageFranchisee.HomePage_TestCase"/>
  <testcase name="checkToolTip" time="0.216" classname="testCases_HomePageFranchisee.HomePage_TestCase"/>
  <testcase name="checkWidget" time="13.677" classname="testCases_HomePageFranchisee.HomePage_TestCase"/>
  <testcase name="checkColor" time="0.486" classname="testCases_HomePageFranchisee.HomePage_TestCase"/>
</testsuite> <!-- testCases_HomePageFranchisee.HomePage_TestCase -->
