<?xml version="1.0" encoding="UTF-8"?>
<!-- Generated by org.testng.reporters.JUnitReportReporter -->
<testsuite hostname="DESKTOP-QAAM6LB" failures="0" tests="8" name="com.filta.qa.login_test.LogInPage_TestCase" time="11.267" errors="0" timestamp="2019-10-05T19:24:46 IST" skipped="0">
  <testcase classname="com.filta.qa.login_test.LogInPage_TestCase" name="checktext" time="0.050"/>
  <testcase classname="com.filta.qa.login_test.LogInPage_TestCase" name="checkDropDown" time="0.168"/>
  <testcase classname="com.filta.qa.login_test.LogInPage_TestCase" name="footerCheck" time="0.067"/>
  <testcase classname="com.filta.qa.login_test.LogInPage_TestCase" name="checkURL" time="8.384"/>
  <testcase classname="com.filta.qa.login_test.LogInPage_TestCase" name="checkTextBox" time="0.072"/>
  <testcase classname="com.filta.qa.login_test.LogInPage_TestCase" name="checkLabel" time="0.131"/>
  <testcase classname="com.filta.qa.login_test.LogInPage_TestCase" name="availableLinks" time="0.097"/>
  <testcase classname="com.filta.qa.login_test.LogInPage_TestCase" name="getBrokenLink" time="2.298"/>
</testsuite> <!-- com.filta.qa.login_test.LogInPage_TestCase -->
