<?xml version="1.0" encoding="UTF-8"?>
<!-- Generated by org.testng.reporters.JUnitReportReporter -->
<testsuite hostname="DESKTOP-QAAM6LB" failures="0" tests="8" name="com.filta.qa.login_test.ForgetPassword_TestCase" time="10.214" errors="0" timestamp="2019-09-07T00:55:18 IST" skipped="0">
  <testcase classname="com.filta.qa.login_test.ForgetPassword_TestCase" name="checkLink" time="0.338"/>
  <testcase classname="com.filta.qa.login_test.ForgetPassword_TestCase" name="forgotPassWord" time="4.167"/>
  <testcase classname="com.filta.qa.login_test.ForgetPassword_TestCase" name="forgotPassWordInvalid" time="2.216"/>
  <testcase classname="com.filta.qa.login_test.ForgetPassword_TestCase" name="forgotPassWordInvalid2" time="1.698"/>
  <testcase classname="com.filta.qa.login_test.ForgetPassword_TestCase" name="forgotPassWordInvalid3" time="0.810"/>
  <testcase classname="com.filta.qa.login_test.ForgetPassword_TestCase" name="forgotPassWordInvalid4" time="0.532"/>
  <testcase classname="com.filta.qa.login_test.ForgetPassword_TestCase" name="textboxCheck" time="0.115"/>
  <testcase classname="com.filta.qa.login_test.ForgetPassword_TestCase" name="labelCheck" time="0.338"/>
</testsuite> <!-- com.filta.qa.login_test.ForgetPassword_TestCase -->
