<?xml version="1.0" encoding="UTF-8"?>
<!-- Generated by org.testng.reporters.JUnitReportReporter -->
<testsuite hostname="DESKTOP-R97L6J5" failures="0" tests="8" name="com.filta.qa.home_franchisee_test.HomePage_TestCase" time="28.629" errors="0" timestamp="2019-10-28T13:47:48 IST" skipped="0">
  <testcase classname="com.filta.qa.home_franchisee_test.HomePage_TestCase" name="checkMenubar" time="0.199"/>
  <testcase classname="com.filta.qa.home_franchisee_test.HomePage_TestCase" name="menuScreenCheck" time="4.492"/>
  <testcase classname="com.filta.qa.home_franchisee_test.HomePage_TestCase" name="checkText" time="0.002"/>
  <testcase classname="com.filta.qa.home_franchisee_test.HomePage_TestCase" name="checkTable" time="0.002"/>
  <testcase classname="com.filta.qa.home_franchisee_test.HomePage_TestCase" name="checkToolTip" time="0.126"/>
  <testcase classname="com.filta.qa.home_franchisee_test.HomePage_TestCase" name="checkWidget" time="14.088"/>
  <testcase classname="com.filta.qa.home_franchisee_test.HomePage_TestCase" name="checkColor" time="0.197"/>
  <testcase classname="com.filta.qa.home_franchisee_test.HomePage_TestCase" name="checkUserNameOnHomePage" time="9.523"/>
</testsuite> <!-- com.filta.qa.home_franchisee_test.HomePage_TestCase -->
