<?xml version="1.0" encoding="UTF-8"?>
<!-- Generated by org.testng.reporters.JUnitReportReporter -->
<testsuite skipped="0" hostname="QA020" name="testCases_LoginPage.LoginPage_TestCase" tests="5" failures="0" timestamp="28 Mar 2019 13:09:10 GMT" time="1.131" errors="0">
  <testcase name="checktext" time="0.051" classname="testCases_LoginPage.LoginPage_TestCase"/>
  <testcase name="checkDropDown" time="0.076" classname="testCases_LoginPage.LoginPage_TestCase"/>
  <testcase name="footerCheck" time="0.054" classname="testCases_LoginPage.LoginPage_TestCase"/>
  <testcase name="checkURL" time="0.865" classname="testCases_LoginPage.LoginPage_TestCase"/>
  <testcase name="checkTextBox" time="0.085" classname="testCases_LoginPage.LoginPage_TestCase"/>
</testsuite> <!-- testCases_LoginPage.LoginPage_TestCase -->
