<?xml version="1.0" encoding="UTF-8"?>
<!-- Generated by org.testng.reporters.JUnitReportReporter -->
<testsuite hostname="DESKTOP-R97L6J5" failures="0" tests="9" name="com.filta.qa.login_test.ForgetPassword_TestCase" time="12.003" errors="0" timestamp="2019-10-27T13:18:06 IST" skipped="0">
  <testcase classname="com.filta.qa.login_test.ForgetPassword_TestCase" name="brokenLink" time="2.859"/>
  <testcase classname="com.filta.qa.login_test.ForgetPassword_TestCase" name="checkLink" time="0.237"/>
  <testcase classname="com.filta.qa.login_test.ForgetPassword_TestCase" name="forgotPassWord" time="4.130"/>
  <testcase classname="com.filta.qa.login_test.ForgetPassword_TestCase" name="forgotPassWordInvalid" time="1.877"/>
  <testcase classname="com.filta.qa.login_test.ForgetPassword_TestCase" name="forgotPassWordInvalid2" time="1.477"/>
  <testcase classname="com.filta.qa.login_test.ForgetPassword_TestCase" name="forgotPassWordInvalid3" time="0.455"/>
  <testcase classname="com.filta.qa.login_test.ForgetPassword_TestCase" name="forgotPassWordInvalid4" time="0.452"/>
  <testcase classname="com.filta.qa.login_test.ForgetPassword_TestCase" name="textboxCheck" time="0.079"/>
  <testcase classname="com.filta.qa.login_test.ForgetPassword_TestCase" name="labelCheck" time="0.437"/>
</testsuite> <!-- com.filta.qa.login_test.ForgetPassword_TestCase -->
