<?xml version="1.0" encoding="UTF-8"?>
<!-- Generated by org.testng.reporters.JUnitReportReporter -->
<testsuite hostname="QA020" name="com.filta.qa.customer_test.FixedCost_TestCase" tests="1" failures="0" timestamp="8 Nov 2019 06:06:48 GMT" time="0.002" errors="0">
  <testcase name="test" time="0.002" classname="com.filta.qa.customer_test.FixedCost_TestCase"/>
</testsuite> <!-- com.filta.qa.customer_test.FixedCost_TestCase -->
