<?xml version="1.0" encoding="UTF-8"?>
<!-- Generated by org.testng.reporters.JUnitReportReporter -->
<testsuite skipped="0" hostname="DESKTOP-CAL1G80" name="testCases_Customer.PerLb_TestCase" tests="1" failures="0" timestamp="26 May 2019 17:14:10 GMT" time="0.027" errors="0">
  <testcase name="test" time="0.027" classname="testCases_Customer.PerLb_TestCase"/>
</testsuite> <!-- testCases_Customer.PerLb_TestCase -->
