<?xml version="1.0" encoding="UTF-8"?>
<!-- Generated by org.testng.reporters.JUnitReportReporter -->
<testsuite skipped="0" hostname="DESKTOP-CAL1G80" name="testCases_LoginPage.Login_TestCase" tests="1" failures="0" timestamp="27 Mar 2019 19:13:40 GMT" time="23.050" errors="0">
  <testcase name="SignInTesting" time="23.050" classname="testCases_LoginPage.Login_TestCase"/>
</testsuite> <!-- testCases_LoginPage.Login_TestCase -->
