<?xml version="1.0" encoding="UTF-8"?>
<!-- Generated by org.testng.reporters.JUnitReportReporter -->
<testsuite hostname="DESKTOP-R97L6J5" failures="0" tests="8" name="com.filta.qa.home_franchisee_test.HomePage_TestCase" time="30.813" errors="0" timestamp="2019-10-27T13:23:18 IST" skipped="0">
  <testcase classname="com.filta.qa.home_franchisee_test.HomePage_TestCase" name="checkMenubar" time="0.272"/>
  <testcase classname="com.filta.qa.home_franchisee_test.HomePage_TestCase" name="menuScreenCheck" time="4.865"/>
  <testcase classname="com.filta.qa.home_franchisee_test.HomePage_TestCase" name="checkText" time="0.003"/>
  <testcase classname="com.filta.qa.home_franchisee_test.HomePage_TestCase" name="checkTable" time="0.003"/>
  <testcase classname="com.filta.qa.home_franchisee_test.HomePage_TestCase" name="checkToolTip" time="0.284"/>
  <testcase classname="com.filta.qa.home_franchisee_test.HomePage_TestCase" name="checkWidget" time="15.923"/>
  <testcase classname="com.filta.qa.home_franchisee_test.HomePage_TestCase" name="checkColor" time="0.329"/>
  <testcase classname="com.filta.qa.home_franchisee_test.HomePage_TestCase" name="checkUserNameOnHomePage" time="9.134"/>
</testsuite> <!-- com.filta.qa.home_franchisee_test.HomePage_TestCase -->
