<?xml version="1.0" encoding="UTF-8"?>
<!-- Generated by org.testng.reporters.JUnitReportReporter -->
<testsuite hostname="DESKTOP-R97L6J5" failures="0" tests="8" name="com.filta.qa.home_franchisee_test.UserPage_TestCase" time="42.210" errors="0" timestamp="2019-10-28T13:47:48 IST" skipped="0">
  <testcase classname="com.filta.qa.home_franchisee_test.UserPage_TestCase" name="checkURL" time="7.970"/>
  <testcase classname="com.filta.qa.home_franchisee_test.UserPage_TestCase" name="buttonBackGroundWithoutMouseOverview" time="2.786"/>
  <testcase classname="com.filta.qa.home_franchisee_test.UserPage_TestCase" name="buttonBackGroundWithMouseOverview" time="3.864"/>
  <testcase classname="com.filta.qa.home_franchisee_test.UserPage_TestCase" name="checkButtonName" time="3.584"/>
  <testcase classname="com.filta.qa.home_franchisee_test.UserPage_TestCase" name="buttonToolTipCheck" time="2.497"/>
  <testcase classname="com.filta.qa.home_franchisee_test.UserPage_TestCase" name="tabnamesCheck" time="1.780"/>
  <testcase classname="com.filta.qa.home_franchisee_test.UserPage_TestCase" name="checkDataOfUserProfile" time="7.348"/>
  <testcase classname="com.filta.qa.home_franchisee_test.UserPage_TestCase" name="checkPasswordPageOnEdit" time="12.381"/>
</testsuite> <!-- com.filta.qa.home_franchisee_test.UserPage_TestCase -->
