<?xml version="1.0" encoding="UTF-8"?>
<!-- Generated by org.testng.reporters.JUnitReportReporter -->
<testsuite hostname="DESKTOP-R97L6J5" failures="0" tests="8" name="com.filta.qa.home_franchisee_test.UserPage_TestCase" time="43.333" errors="0" timestamp="2019-10-27T13:23:18 IST" skipped="0">
  <testcase classname="com.filta.qa.home_franchisee_test.UserPage_TestCase" name="checkURL" time="6.041"/>
  <testcase classname="com.filta.qa.home_franchisee_test.UserPage_TestCase" name="checkButtonName" time="3.282"/>
  <testcase classname="com.filta.qa.home_franchisee_test.UserPage_TestCase" name="buttonBackGroundWithoutMouseOverview" time="3.573"/>
  <testcase classname="com.filta.qa.home_franchisee_test.UserPage_TestCase" name="buttonToolTipCheck" time="3.032"/>
  <testcase classname="com.filta.qa.home_franchisee_test.UserPage_TestCase" name="buttonBackGroundWithMouseOverview" time="2.969"/>
  <testcase classname="com.filta.qa.home_franchisee_test.UserPage_TestCase" name="tabnamesCheck" time="2.144"/>
  <testcase classname="com.filta.qa.home_franchisee_test.UserPage_TestCase" name="checkDataOfUserProfile" time="9.133"/>
  <testcase classname="com.filta.qa.home_franchisee_test.UserPage_TestCase" name="checkPasswordPageOnEdit" time="13.159"/>
</testsuite> <!-- com.filta.qa.home_franchisee_test.UserPage_TestCase -->
