<?xml version="1.0" encoding="UTF-8"?>
<!-- Generated by org.testng.reporters.JUnitReportReporter -->
<testsuite skipped="0" hostname="DESKTOP-CAL1G80" name="testCases_LoginPage.LoginPage_TestCase" tests="1" failures="0" timestamp="28 Mar 2019 19:11:45 GMT" time="0.046" errors="0">
  <testcase name="checktext" time="0.046" classname="testCases_LoginPage.LoginPage_TestCase"/>
</testsuite> <!-- testCases_LoginPage.LoginPage_TestCase -->
