<?xml version="1.0" encoding="UTF-8"?>
<!-- Generated by org.testng.reporters.JUnitReportReporter -->
<testsuite hostname="DESKTOP-QAAM6LB" failures="0" tests="8" name="com.filta.qa.home_franchisee_test.UserPage_TestCase" time="59.558" errors="0" timestamp="2019-09-13T14:39:57 IST" skipped="0">
  <testcase classname="com.filta.qa.home_franchisee_test.UserPage_TestCase" name="checkURL" time="9.080"/>
  <testcase classname="com.filta.qa.home_franchisee_test.UserPage_TestCase" name="checkButtonName" time="5.080"/>
  <testcase classname="com.filta.qa.home_franchisee_test.UserPage_TestCase" name="buttonBackGroundWithoutMouseOverview" time="4.848"/>
  <testcase classname="com.filta.qa.home_franchisee_test.UserPage_TestCase" name="buttonBackGroundWithMouseOverview" time="4.045"/>
  <testcase classname="com.filta.qa.home_franchisee_test.UserPage_TestCase" name="buttonToolTipCheck" time="3.393"/>
  <testcase classname="com.filta.qa.home_franchisee_test.UserPage_TestCase" name="tabnamesCheck" time="3.277"/>
  <testcase classname="com.filta.qa.home_franchisee_test.UserPage_TestCase" name="checkDataOfUserProfile" time="13.352"/>
  <testcase classname="com.filta.qa.home_franchisee_test.UserPage_TestCase" name="checkPasswordPageOnEdit" time="16.483"/>
</testsuite> <!-- com.filta.qa.home_franchisee_test.UserPage_TestCase -->
