<?xml version="1.0" encoding="UTF-8"?>
<!-- Generated by org.testng.reporters.JUnitReportReporter -->
<testsuite hostname="QA020" name="com.filta.qa.operations_test.OperationCycle_TestCase" tests="2" failures="0" timestamp="7 Feb 2020 05:15:26 GMT" time="32.231" errors="0">
  <testcase name="test1" time="21.359" classname="com.filta.qa.operations_test.OperationCycle_TestCase"/>
  <testcase name="test" time="10.872" classname="com.filta.qa.operations_test.OperationCycle_TestCase"/>
</testsuite> <!-- com.filta.qa.operations_test.OperationCycle_TestCase -->
