<?xml version="1.0" encoding="UTF-8"?>
<!-- Generated by org.testng.reporters.JUnitReportReporter -->
<testsuite skipped="0" hostname="DESKTOP-CAL1G80" name="testCases_LoginPage.ForgetPassword_TestCase" tests="7" failures="0" timestamp="27 Mar 2019 19:50:24 GMT" time="11.980" errors="0">
  <testcase name="forgotpassword" time="5.067" classname="testCases_LoginPage.ForgetPassword_TestCase"/>
  <testcase name="forgotpasswordInvalid" time="1.978" classname="testCases_LoginPage.ForgetPassword_TestCase"/>
  <testcase name="forgotpasswordInvalid2" time="2.123" classname="testCases_LoginPage.ForgetPassword_TestCase"/>
  <testcase name="forgotpasswordInvalid3" time="1.156" classname="testCases_LoginPage.ForgetPassword_TestCase"/>
  <testcase name="forgotpasswordInvalid4" time="0.882" classname="testCases_LoginPage.ForgetPassword_TestCase"/>
  <testcase name="textboxCheck" time="0.199" classname="testCases_LoginPage.ForgetPassword_TestCase"/>
  <testcase name="labelCheck" time="0.575" classname="testCases_LoginPage.ForgetPassword_TestCase"/>
</testsuite> <!-- testCases_LoginPage.ForgetPassword_TestCase -->
