<?xml version="1.0" encoding="UTF-8"?>
<!-- Generated by org.testng.reporters.JUnitReportReporter -->
<testsuite skipped="0" hostname="DESKTOP-UEV8QTG" name="testCases_HomePageFranchisee.UserPage_TestCase" tests="10" failures="0" timestamp="06 Apr 2019 18:37:48 GMT" time="62.571" errors="0">
  <testcase name="checkURL" time="7.282" classname="testCases_HomePageFranchisee.UserPage_TestCase"/>
  <testcase name="checkButtonName" time="4.511" classname="testCases_HomePageFranchisee.UserPage_TestCase"/>
  <testcase name="buttonBackGroundWithMouseOverview" time="4.664" classname="testCases_HomePageFranchisee.UserPage_TestCase"/>
  <testcase name="buttonToolTipCheck" time="3.041" classname="testCases_HomePageFranchisee.UserPage_TestCase"/>
  <testcase name="buttonBackGroundWithoutMouseOverview" time="4.091" classname="testCases_HomePageFranchisee.UserPage_TestCase"/>
  <testcase name="tabnamesCheck" time="4.198" classname="testCases_HomePageFranchisee.UserPage_TestCase"/>
  <testcase name="checkDataOfUserProfile" time="12.041" classname="testCases_HomePageFranchisee.UserPage_TestCase"/>
  <testcase name="checkPasswordPageOnEdit" time="16.382" classname="testCases_HomePageFranchisee.UserPage_TestCase"/>
  <testcase name="checkThemesPageOnEdit" time="3.061" classname="testCases_HomePageFranchisee.UserPage_TestCase"/>
  <testcase name="checkAdvancedOfUserProfile" time="3.300" classname="testCases_HomePageFranchisee.UserPage_TestCase"/>
</testsuite> <!-- testCases_HomePageFranchisee.UserPage_TestCase -->
