<?xml version="1.0" encoding="UTF-8"?>
<!-- Generated by org.testng.reporters.JUnitReportReporter -->
<testsuite skipped="0" hostname="QA020" name="testCases_LoginPage.LoginInvalid_TestCase" tests="4" failures="0" timestamp="28 Mar 2019 04:55:23 GMT" time="7.095" errors="0">
  <testcase name="signInWithInvalidCredentails" time="1.913" classname="testCases_LoginPage.LoginInvalid_TestCase"/>
  <testcase name="signInWithInvalidCredentails2" time="1.700" classname="testCases_LoginPage.LoginInvalid_TestCase"/>
  <testcase name="signInWithInvalidCredentails4" time="1.702" classname="testCases_LoginPage.LoginInvalid_TestCase"/>
  <testcase name="signInWithInvalidCredentails3" time="1.780" classname="testCases_LoginPage.LoginInvalid_TestCase"/>
</testsuite> <!-- testCases_LoginPage.LoginInvalid_TestCase -->
