<?xml version="1.0" encoding="UTF-8"?>
<!-- Generated by org.testng.reporters.JUnitReportReporter -->
<testsuite hostname="DESKTOP-R97L6J5" failures="0" tests="8" name="com.filta.qa.login_test.LogInPage_TestCase" time="10.819" errors="0" timestamp="2019-10-28T13:42:25 IST" skipped="0">
  <testcase classname="com.filta.qa.login_test.LogInPage_TestCase" name="checktext" time="0.042"/>
  <testcase classname="com.filta.qa.login_test.LogInPage_TestCase" name="checkDropDown" time="0.145"/>
  <testcase classname="com.filta.qa.login_test.LogInPage_TestCase" name="footerCheck" time="0.046"/>
  <testcase classname="com.filta.qa.login_test.LogInPage_TestCase" name="checkURL" time="8.459"/>
  <testcase classname="com.filta.qa.login_test.LogInPage_TestCase" name="checkTextBox" time="0.066"/>
  <testcase classname="com.filta.qa.login_test.LogInPage_TestCase" name="checkLabel" time="0.129"/>
  <testcase classname="com.filta.qa.login_test.LogInPage_TestCase" name="availableLinks" time="0.076"/>
  <testcase classname="com.filta.qa.login_test.LogInPage_TestCase" name="getBrokenLink" time="1.856"/>
</testsuite> <!-- com.filta.qa.login_test.LogInPage_TestCase -->
