<?xml version="1.0" encoding="UTF-8"?>
<!-- Generated by org.testng.reporters.JUnitReportReporter -->
<testsuite skipped="0" hostname="DESKTOP-CAL1G80" name="testCases_HomePageFranchisee.UserPage_TestCase" tests="11" failures="0" timestamp="05 Jun 2019 02:19:28 GMT" time="263.393" errors="0">
  <testcase name="checkURL" time="8.916" classname="testCases_HomePageFranchisee.UserPage_TestCase"/>
  <testcase name="buttonToolTipCheck" time="3.791" classname="testCases_HomePageFranchisee.UserPage_TestCase"/>
  <testcase name="buttonBackGroundWithMouseOverview" time="5.631" classname="testCases_HomePageFranchisee.UserPage_TestCase"/>
  <testcase name="buttonBackGroundWithoutMouseOverview" time="5.651" classname="testCases_HomePageFranchisee.UserPage_TestCase"/>
  <testcase name="checkButtonName" time="5.041" classname="testCases_HomePageFranchisee.UserPage_TestCase"/>
  <testcase name="tabnamesCheck" time="5.330" classname="testCases_HomePageFranchisee.UserPage_TestCase"/>
  <testcase name="checkDataOfUserProfile" time="16.289" classname="testCases_HomePageFranchisee.UserPage_TestCase"/>
  <testcase name="checkPasswordPageOnEdit" time="19.094" classname="testCases_HomePageFranchisee.UserPage_TestCase"/>
  <testcase name="checkThemesPageOnEdit" time="3.893" classname="testCases_HomePageFranchisee.UserPage_TestCase"/>
  <testcase name="checkAdvancedOfUserProfile" time="51.536" classname="testCases_HomePageFranchisee.UserPage_TestCase"/>
  <testcase name="checkAccessOfUser" time="138.221" classname="testCases_HomePageFranchisee.UserPage_TestCase"/>
</testsuite> <!-- testCases_HomePageFranchisee.UserPage_TestCase -->
