<?xml version="1.0" encoding="UTF-8"?>
<!-- Generated by org.testng.reporters.JUnitReportReporter -->
<testsuite skipped="0" hostname="DESKTOP-CAL1G80" name="testCases_HomePageFranchisee.UserPage_TestCase" tests="8" failures="0" timestamp="08 Jul 2019 06:05:28 GMT" time="64.029" errors="0">
  <testcase name="checkURL" time="14.697" classname="testCases_HomePageFranchisee.UserPage_TestCase"/>
  <testcase name="checkButtonName" time="5.477" classname="testCases_HomePageFranchisee.UserPage_TestCase"/>
  <testcase name="buttonToolTipCheck" time="3.077" classname="testCases_HomePageFranchisee.UserPage_TestCase"/>
  <testcase name="buttonBackGroundWithoutMouseOverview" time="4.627" classname="testCases_HomePageFranchisee.UserPage_TestCase"/>
  <testcase name="buttonBackGroundWithMouseOverview" time="3.272" classname="testCases_HomePageFranchisee.UserPage_TestCase"/>
  <testcase name="tabnamesCheck" time="3.329" classname="testCases_HomePageFranchisee.UserPage_TestCase"/>
  <testcase name="checkDataOfUserProfile" time="12.109" classname="testCases_HomePageFranchisee.UserPage_TestCase"/>
  <testcase name="checkPasswordPageOnEdit" time="17.441" classname="testCases_HomePageFranchisee.UserPage_TestCase"/>
</testsuite> <!-- testCases_HomePageFranchisee.UserPage_TestCase -->
