<?xml version="1.0" encoding="UTF-8"?>
<!-- Generated by org.testng.reporters.JUnitReportReporter -->
<testsuite skipped="0" hostname="DESKTOP-CAL1G80" name="testCases_Customer.FixedCost_TestCase" tests="1" failures="0" timestamp="02 Jun 2019 04:39:50 GMT" time="0.122" errors="0">
  <testcase name="test" time="0.122" classname="testCases_Customer.FixedCost_TestCase"/>
</testsuite> <!-- testCases_Customer.FixedCost_TestCase -->
