<?xml version="1.0" encoding="UTF-8"?>
<!-- Generated by org.testng.reporters.JUnitReportReporter -->
<testsuite skipped="0" hostname="DESKTOP-CAL1G80" name="testCases_LoginPage.ForgetPassword_TestCase" tests="7" failures="0" timestamp="27 Mar 2019 20:02:21 GMT" time="11.832" errors="0">
  <testcase name="forgotpassword" time="4.985" classname="testCases_LoginPage.ForgetPassword_TestCase"/>
  <testcase name="forgotpasswordInvalid" time="2.505" classname="testCases_LoginPage.ForgetPassword_TestCase"/>
  <testcase name="forgotpasswordInvalid2" time="1.534" classname="testCases_LoginPage.ForgetPassword_TestCase"/>
  <testcase name="forgotpasswordInvalid3" time="1.098" classname="testCases_LoginPage.ForgetPassword_TestCase"/>
  <testcase name="forgotpasswordInvalid4" time="0.949" classname="testCases_LoginPage.ForgetPassword_TestCase"/>
  <testcase name="textboxCheck" time="0.159" classname="testCases_LoginPage.ForgetPassword_TestCase"/>
  <testcase name="labelCheck" time="0.602" classname="testCases_LoginPage.ForgetPassword_TestCase"/>
</testsuite> <!-- testCases_LoginPage.ForgetPassword_TestCase -->
