<?xml version="1.0" encoding="UTF-8"?>
<!-- Generated by org.testng.reporters.JUnitReportReporter -->
<testsuite hostname="QA020" name="com.filta.qa.operations_test.OperationCycle_TestCase" tests="2" failures="0" timestamp="11 Nov 2019 13:38:58 GMT" time="28.491" errors="0">
  <testcase name="test" time="9.817" classname="com.filta.qa.operations_test.OperationCycle_TestCase"/>
  <testcase name="test1" time="18.674" classname="com.filta.qa.operations_test.OperationCycle_TestCase"/>
</testsuite> <!-- com.filta.qa.operations_test.OperationCycle_TestCase -->
