<?xml version="1.0" encoding="UTF-8"?>
<!-- Generated by org.testng.reporters.JUnitReportReporter -->
<testsuite hostname="DESKTOP-QAAM6LB" failures="0" tests="9" name="com.filta.qa.login_test.ForgetPassword_TestCase" time="37.164" errors="0" timestamp="2019-09-08T09:33:11 IST" skipped="0">
  <testcase classname="com.filta.qa.login_test.ForgetPassword_TestCase" name="forgotPassWord" time="26.562"/>
  <testcase classname="com.filta.qa.login_test.ForgetPassword_TestCase" name="brokenLink" time="4.438"/>
  <testcase classname="com.filta.qa.login_test.ForgetPassword_TestCase" name="checkLink" time="0.374"/>
  <testcase classname="com.filta.qa.login_test.ForgetPassword_TestCase" name="forgotPassWordInvalid" time="1.863"/>
  <testcase classname="com.filta.qa.login_test.ForgetPassword_TestCase" name="forgotPassWordInvalid2" time="1.770"/>
  <testcase classname="com.filta.qa.login_test.ForgetPassword_TestCase" name="forgotPassWordInvalid3" time="0.864"/>
  <testcase classname="com.filta.qa.login_test.ForgetPassword_TestCase" name="forgotPassWordInvalid4" time="0.653"/>
  <testcase classname="com.filta.qa.login_test.ForgetPassword_TestCase" name="textboxCheck" time="0.127"/>
  <testcase classname="com.filta.qa.login_test.ForgetPassword_TestCase" name="labelCheck" time="0.513"/>
</testsuite> <!-- com.filta.qa.login_test.ForgetPassword_TestCase -->
