<?xml version="1.0" encoding="UTF-8"?>
<!-- Generated by org.testng.reporters.JUnitReportReporter -->
<testsuite hostname="DESKTOP-QAAM6LB" failures="0" tests="8" name="com.filta.qa.login_test.LogInPage_TestCase" time="12.957" errors="0" timestamp="2019-09-08T09:03:53 IST" skipped="0">
  <testcase classname="com.filta.qa.login_test.LogInPage_TestCase" name="checktext" time="0.104"/>
  <testcase classname="com.filta.qa.login_test.LogInPage_TestCase" name="checkDropDown" time="0.463"/>
  <testcase classname="com.filta.qa.login_test.LogInPage_TestCase" name="footerCheck" time="0.097"/>
  <testcase classname="com.filta.qa.login_test.LogInPage_TestCase" name="checkURL" time="8.855"/>
  <testcase classname="com.filta.qa.login_test.LogInPage_TestCase" name="checkTextBox" time="0.139"/>
  <testcase classname="com.filta.qa.login_test.LogInPage_TestCase" name="checkLabel" time="0.313"/>
  <testcase classname="com.filta.qa.login_test.LogInPage_TestCase" name="availableLinks" time="0.273"/>
  <testcase classname="com.filta.qa.login_test.LogInPage_TestCase" name="getBrokenLink" time="2.713"/>
</testsuite> <!-- com.filta.qa.login_test.LogInPage_TestCase -->
