<?xml version="1.0" encoding="UTF-8"?>
<!-- Generated by org.testng.reporters.JUnitReportReporter -->
<testsuite skipped="0" hostname="QA020" name="testCases_LoginPage.ForgetPassword_TestCase" tests="1" failures="0" timestamp="29 Mar 2019 04:35:13 GMT" time="5.756" errors="0">
  <testcase name="forgotpassword" time="5.756" classname="testCases_LoginPage.ForgetPassword_TestCase"/>
</testsuite> <!-- testCases_LoginPage.ForgetPassword_TestCase -->
