<?xml version="1.0" encoding="UTF-8"?>
<!-- Generated by org.testng.reporters.JUnitReportReporter -->
<testsuite hostname="QA020" name="com.filta.qa.operations_test.OperationsSubModule_TestCase" tests="7" failures="0" timestamp="7 Feb 2020 05:13:53 GMT" time="608.886" errors="0">
  <testcase name="test" time="84.866" classname="com.filta.qa.operations_test.OperationsSubModule_TestCase"/>
  <testcase name="test4" time="83.051" classname="com.filta.qa.operations_test.OperationsSubModule_TestCase"/>
  <testcase name="test3" time="84.578" classname="com.filta.qa.operations_test.OperationsSubModule_TestCase"/>
  <testcase name="test1" time="81.319" classname="com.filta.qa.operations_test.OperationsSubModule_TestCase"/>
  <testcase name="test6" time="109.141" classname="com.filta.qa.operations_test.OperationsSubModule_TestCase"/>
  <testcase name="test2" time="85.069" classname="com.filta.qa.operations_test.OperationsSubModule_TestCase"/>
  <testcase name="test5" time="80.862" classname="com.filta.qa.operations_test.OperationsSubModule_TestCase"/>
</testsuite> <!-- com.filta.qa.operations_test.OperationsSubModule_TestCase -->
