<?xml version="1.0" encoding="UTF-8"?>
<!-- Generated by org.testng.reporters.JUnitReportReporter -->
<testsuite skipped="0" hostname="DESKTOP-CAL1G80" name="testCases_Customer.PerFryer_TestCase" tests="5" failures="0" timestamp="23 May 2019 03:26:41 GMT" time="69.413" errors="0">
  <testcase name="checkDefaultPricingOfFranchisee" time="16.224" classname="testCases_Customer.PerFryer_TestCase"/>
  <testcase name="checkCustomerBasicInfo" time="26.170" classname="testCases_Customer.PerFryer_TestCase"/>
  <testcase name="pricing_EstimatingInfo" time="9.712" classname="testCases_Customer.PerFryer_TestCase"/>
  <testcase name="marketingInfo" time="12.852" classname="testCases_Customer.PerFryer_TestCase"/>
  <testcase name="unitInfo" time="4.455" classname="testCases_Customer.PerFryer_TestCase"/>
</testsuite> <!-- testCases_Customer.PerFryer_TestCase -->
