<?xml version="1.0" encoding="UTF-8"?>
<!-- Generated by org.testng.reporters.JUnitReportReporter -->
<testsuite hostname="DESKTOP-R97L6J5" failures="0" tests="1" name="com.filta.qa.customer_test.PerFryer_TestCase" time="0.006" errors="0" timestamp="2019-10-28T14:12:51 IST" skipped="0">
  <testcase classname="com.filta.qa.customer_test.PerFryer_TestCase" name="test" time="0.006"/>
</testsuite> <!-- com.filta.qa.customer_test.PerFryer_TestCase -->
