<?xml version="1.0" encoding="UTF-8"?>
<!-- Generated by org.testng.reporters.JUnitReportReporter -->
<testsuite skipped="0" hostname="DESKTOP-UEV8QTG" name="testCases_LoginPage.LogIn_TestCase" tests="1" failures="0" timestamp="02 Apr 2019 17:29:56 GMT" time="18.943" errors="0">
  <testcase name="SignInTesting" time="18.943" classname="testCases_LoginPage.LogIn_TestCase"/>
</testsuite> <!-- testCases_LoginPage.LogIn_TestCase -->
