<?xml version="1.0" encoding="UTF-8"?>
<!-- Generated by org.testng.reporters.JUnitReportReporter -->
<testsuite hostname="DESKTOP-QAAM6LB" failures="0" tests="9" name="com.filta.qa.login_test.ForgetPassword_TestCase" time="11.619" errors="0" timestamp="2019-10-05T19:16:20 IST" skipped="0">
  <testcase classname="com.filta.qa.login_test.ForgetPassword_TestCase" name="forgotPassWord" time="4.831"/>
  <testcase classname="com.filta.qa.login_test.ForgetPassword_TestCase" name="checkLink" time="0.127"/>
  <testcase classname="com.filta.qa.login_test.ForgetPassword_TestCase" name="brokenLink" time="2.384"/>
  <testcase classname="com.filta.qa.login_test.ForgetPassword_TestCase" name="forgotPassWordInvalid" time="1.491"/>
  <testcase classname="com.filta.qa.login_test.ForgetPassword_TestCase" name="forgotPassWordInvalid2" time="1.326"/>
  <testcase classname="com.filta.qa.login_test.ForgetPassword_TestCase" name="forgotPassWordInvalid3" time="0.324"/>
  <testcase classname="com.filta.qa.login_test.ForgetPassword_TestCase" name="forgotPassWordInvalid4" time="0.259"/>
  <testcase classname="com.filta.qa.login_test.ForgetPassword_TestCase" name="textboxCheck" time="0.042"/>
  <testcase classname="com.filta.qa.login_test.ForgetPassword_TestCase" name="labelCheck" time="0.835"/>
</testsuite> <!-- com.filta.qa.login_test.ForgetPassword_TestCase -->
