<?xml version="1.0" encoding="UTF-8"?>
<!-- Generated by org.testng.reporters.JUnitReportReporter -->
<testsuite skipped="0" hostname="QA020" name="testCases_LoginPage.Login_TestCase" tests="1" failures="0" timestamp="28 Mar 2019 05:06:16 GMT" time="13.225" errors="0">
  <testcase name="SignInTesting" time="13.225" classname="testCases_LoginPage.Login_TestCase"/>
</testsuite> <!-- testCases_LoginPage.Login_TestCase -->
