<?xml version="1.0" encoding="UTF-8"?>
<!-- Generated by org.testng.reporters.JUnitReportReporter -->
<testsuite hostname="QA020" name="testCases_HomePageFranchisee.HomePage_TestCase" tests="8" failures="0" timestamp="8 Apr 2019 05:11:01 GMT" time="25.131" errors="0">
  <testcase name="checkTable" time="0.871" classname="testCases_HomePageFranchisee.HomePage_TestCase"/>
  <testcase name="checkMenubar" time="0.264" classname="testCases_HomePageFranchisee.HomePage_TestCase"/>
  <testcase name="checkText" time="0.579" classname="testCases_HomePageFranchisee.HomePage_TestCase"/>
  <testcase name="menuScreenCheck" time="3.857" classname="testCases_HomePageFranchisee.HomePage_TestCase"/>
  <testcase name="checkToolTip" time="0.122" classname="testCases_HomePageFranchisee.HomePage_TestCase"/>
  <testcase name="checkUserNameOnHomePage" time="6.410" classname="testCases_HomePageFranchisee.HomePage_TestCase"/>
  <testcase name="checkColor" time="0.222" classname="testCases_HomePageFranchisee.HomePage_TestCase"/>
  <testcase name="checkWidget" time="12.806" classname="testCases_HomePageFranchisee.HomePage_TestCase"/>
</testsuite> <!-- testCases_HomePageFranchisee.HomePage_TestCase -->
