<?xml version="1.0" encoding="UTF-8"?>
<!-- Generated by org.testng.reporters.JUnitReportReporter -->
<testsuite skipped="0" hostname="QA020" name="testCases_HomePage.HomePage_TestCase" tests="1" failures="0" timestamp="29 Mar 2019 06:39:22 GMT" time="0.302" errors="0">
  <testcase name="checkMenubar" time="0.302" classname="testCases_HomePage.HomePage_TestCase"/>
</testsuite> <!-- testCases_HomePage.HomePage_TestCase -->
