<?xml version="1.0" encoding="UTF-8"?>
<!-- Generated by org.testng.reporters.JUnitReportReporter -->
<testsuite skipped="0" hostname="DESKTOP-UEV8QTG" name="testCases_LoginPage.LogInInvalid_TestCase" tests="4" failures="0" timestamp="02 Apr 2019 17:35:43 GMT" time="8.647" errors="0">
  <testcase name="signInWithInvalidCredentails" time="2.127" classname="testCases_LoginPage.LogInInvalid_TestCase"/>
  <testcase name="signInWithInvalidCredentails2" time="2.145" classname="testCases_LoginPage.LogInInvalid_TestCase"/>
  <testcase name="signInWithInvalidCredentails4" time="2.168" classname="testCases_LoginPage.LogInInvalid_TestCase"/>
  <testcase name="signInWithInvalidCredentails3" time="2.207" classname="testCases_LoginPage.LogInInvalid_TestCase"/>
</testsuite> <!-- testCases_LoginPage.LogInInvalid_TestCase -->
