<?xml version="1.0" encoding="UTF-8"?>
<!-- Generated by org.testng.reporters.JUnitReportReporter -->
<testsuite hostname="QA020" name="com.filta.qa.login_test.LogInInvalid_TestCase" tests="6" failures="0" timestamp="8 Nov 2019 06:06:48 GMT" time="9.496" errors="0">
  <testcase name="signInWithInvalidCredentails2" time="1.464" classname="com.filta.qa.login_test.LogInInvalid_TestCase"/>
  <testcase name="signInWithInvalidCredentails4" time="1.548" classname="com.filta.qa.login_test.LogInInvalid_TestCase"/>
  <testcase name="availableLinks" time="0.084" classname="com.filta.qa.login_test.LogInInvalid_TestCase"/>
  <testcase name="signInWithInvalidCredentails3" time="1.557" classname="com.filta.qa.login_test.LogInInvalid_TestCase"/>
  <testcase name="getBrokenLink" time="3.264" classname="com.filta.qa.login_test.LogInInvalid_TestCase"/>
  <testcase name="signInWithInvalidCredentails" time="1.579" classname="com.filta.qa.login_test.LogInInvalid_TestCase"/>
</testsuite> <!-- com.filta.qa.login_test.LogInInvalid_TestCase -->
