<?xml version="1.0" encoding="UTF-8"?>
<!-- Generated by org.testng.reporters.JUnitReportReporter -->
<testsuite skipped="0" hostname="DESKTOP-CAL1G80" name="testCases_Customer.PerFryer_TestCase" tests="1" failures="0" timestamp="25 May 2019 13:24:14 GMT" time="0.026" errors="0">
  <testcase name="test" time="0.026" classname="testCases_Customer.PerFryer_TestCase"/>
</testsuite> <!-- testCases_Customer.PerFryer_TestCase -->
