<?xml version="1.0" encoding="UTF-8"?>
<!-- Generated by org.testng.reporters.JUnitReportReporter -->
<testsuite skipped="0" hostname="DESKTOP-CAL1G80" name="testCases_LoginPage.ForgetPassword_TestCase" tests="1" failures="0" timestamp="26 Mar 2019 17:31:46 GMT" time="1.062" errors="0">
  <testcase name="forgotpassword" time="1.062" classname="testCases_LoginPage.ForgetPassword_TestCase"/>
</testsuite> <!-- testCases_LoginPage.ForgetPassword_TestCase -->
