<?xml version="1.0" encoding="UTF-8"?>
<!-- Generated by org.testng.reporters.JUnitReportReporter -->
<testsuite hostname="QA020" name="com.filta.qa.operations.scheduledjobcalendar_test.OperationsSubModule_TestCase" tests="7" failures="0" timestamp="8 Nov 2019 10:55:53 GMT" time="278.119" errors="0">
  <testcase name="test6" time="62.688" classname="com.filta.qa.operations.scheduledjobcalendar_test.OperationsSubModule_TestCase"/>
  <testcase name="test5" time="34.576" classname="com.filta.qa.operations.scheduledjobcalendar_test.OperationsSubModule_TestCase"/>
  <testcase name="test2" time="38.498" classname="com.filta.qa.operations.scheduledjobcalendar_test.OperationsSubModule_TestCase"/>
  <testcase name="test1" time="37.086" classname="com.filta.qa.operations.scheduledjobcalendar_test.OperationsSubModule_TestCase"/>
  <testcase name="test3" time="37.418" classname="com.filta.qa.operations.scheduledjobcalendar_test.OperationsSubModule_TestCase"/>
  <testcase name="test" time="31.282" classname="com.filta.qa.operations.scheduledjobcalendar_test.OperationsSubModule_TestCase"/>
  <testcase name="test4" time="36.571" classname="com.filta.qa.operations.scheduledjobcalendar_test.OperationsSubModule_TestCase"/>
</testsuite> <!-- com.filta.qa.operations.scheduledjobcalendar_test.OperationsSubModule_TestCase -->
