<?xml version="1.0" encoding="UTF-8"?>
<!-- Generated by org.testng.reporters.JUnitReportReporter -->
<testsuite hostname="QA020" name="com.filta.qa.home_franchisee_test.UserPage_TestCase" tests="8" failures="0" timestamp="8 Nov 2019 06:06:48 GMT" time="31.723" errors="0">
  <testcase name="buttonBackGroundWithMouseOverview" time="2.424" classname="com.filta.qa.home_franchisee_test.UserPage_TestCase"/>
  <testcase name="checkDataOfUserProfile" time="5.487" classname="com.filta.qa.home_franchisee_test.UserPage_TestCase"/>
  <testcase name="buttonBackGroundWithoutMouseOverview" time="2.227" classname="com.filta.qa.home_franchisee_test.UserPage_TestCase"/>
  <testcase name="checkButtonName" time="2.759" classname="com.filta.qa.home_franchisee_test.UserPage_TestCase"/>
  <testcase name="checkURL" time="3.965" classname="com.filta.qa.home_franchisee_test.UserPage_TestCase"/>
  <testcase name="tabnamesCheck" time="1.938" classname="com.filta.qa.home_franchisee_test.UserPage_TestCase"/>
  <testcase name="checkPasswordPageOnEdit" time="10.965" classname="com.filta.qa.home_franchisee_test.UserPage_TestCase"/>
  <testcase name="buttonToolTipCheck" time="1.958" classname="com.filta.qa.home_franchisee_test.UserPage_TestCase"/>
</testsuite> <!-- com.filta.qa.home_franchisee_test.UserPage_TestCase -->
