<?xml version="1.0" encoding="UTF-8"?>
<!-- Generated by org.testng.reporters.JUnitReportReporter -->
<testsuite hostname="DESKTOP-R97L6J5" failures="0" tests="6" name="com.filta.qa.login_test.LogInInvalid_TestCase" time="11.687" errors="0" timestamp="2019-10-27T13:18:06 IST" skipped="0">
  <testcase classname="com.filta.qa.login_test.LogInInvalid_TestCase" name="signInWithInvalidCredentails" time="3.063"/>
  <testcase classname="com.filta.qa.login_test.LogInInvalid_TestCase" name="signInWithInvalidCredentails2" time="2.150"/>
  <testcase classname="com.filta.qa.login_test.LogInInvalid_TestCase" name="signInWithInvalidCredentails3" time="2.148"/>
  <testcase classname="com.filta.qa.login_test.LogInInvalid_TestCase" name="signInWithInvalidCredentails4" time="2.016"/>
  <testcase classname="com.filta.qa.login_test.LogInInvalid_TestCase" name="availableLinks" time="0.307"/>
  <testcase classname="com.filta.qa.login_test.LogInInvalid_TestCase" name="getBrokenLink" time="2.003"/>
</testsuite> <!-- com.filta.qa.login_test.LogInInvalid_TestCase -->
