<?xml version="1.0" encoding="UTF-8"?>
<!-- Generated by org.testng.reporters.JUnitReportReporter -->
<testsuite skipped="0" hostname="DESKTOP-UEV8QTG" name="testCases_LoginPage.LogInPage_TestCase" tests="6" failures="0" timestamp="02 Apr 2019 17:33:09 GMT" time="4.040" errors="0">
  <testcase name="checktext" time="0.118" classname="testCases_LoginPage.LogInPage_TestCase"/>
  <testcase name="checkDropDown" time="0.430" classname="testCases_LoginPage.LogInPage_TestCase"/>
  <testcase name="footerCheck" time="0.170" classname="testCases_LoginPage.LogInPage_TestCase"/>
  <testcase name="checkURL" time="2.865" classname="testCases_LoginPage.LogInPage_TestCase"/>
  <testcase name="checkTextBox" time="0.142" classname="testCases_LoginPage.LogInPage_TestCase"/>
  <testcase name="checkLabel" time="0.315" classname="testCases_LoginPage.LogInPage_TestCase"/>
</testsuite> <!-- testCases_LoginPage.LogInPage_TestCase -->
