<?xml version="1.0" encoding="UTF-8"?>
<!-- Generated by org.testng.reporters.JUnitReportReporter -->
<testsuite hostname="DESKTOP-R97L6J5" failures="0" tests="3" name="com.filta.qa.customer_test.Create_CustomerFB_TestCase" time="51.444" errors="0" timestamp="2019-10-28T14:12:51 IST" skipped="0">
  <testcase classname="com.filta.qa.customer_test.Create_CustomerFB_TestCase" name="test" time="23.085"/>
  <testcase classname="com.filta.qa.customer_test.Create_CustomerFB_TestCase" name="testDefaultPricingYes" time="15.801"/>
  <testcase classname="com.filta.qa.customer_test.Create_CustomerFB_TestCase" name="testDefaultPricingYesPriceNotSet" time="12.558"/>
</testsuite> <!-- com.filta.qa.customer_test.Create_CustomerFB_TestCase -->
