<?xml version="1.0" encoding="UTF-8"?>
<!-- Generated by org.testng.reporters.JUnitReportReporter -->
<testsuite skipped="0" hostname="DESKTOP-CAL1G80" name="testCases_HomePageFranchisee.HomePage_TestCase" tests="6" failures="0" timestamp="30 Mar 2019 11:49:19 GMT" time="17.251" errors="0">
  <testcase name="checkMenubar" time="0.533" classname="testCases_HomePageFranchisee.HomePage_TestCase"/>
  <testcase name="menuScreenCheck" time="5.493" classname="testCases_HomePageFranchisee.HomePage_TestCase"/>
  <testcase name="checkText" time="1.295" classname="testCases_HomePageFranchisee.HomePage_TestCase"/>
  <testcase name="checkTable" time="2.788" classname="testCases_HomePageFranchisee.HomePage_TestCase"/>
  <testcase name="checkToolTip" time="0.456" classname="testCases_HomePageFranchisee.HomePage_TestCase"/>
  <testcase name="checkWidget" time="6.686" classname="testCases_HomePageFranchisee.HomePage_TestCase"/>
</testsuite> <!-- testCases_HomePageFranchisee.HomePage_TestCase -->
