<?xml version="1.0" encoding="UTF-8"?>
<!-- Generated by org.testng.reporters.JUnitReportReporter -->
<testsuite hostname="DESKTOP-R97L6J5" failures="0" tests="1" name="com.filta.qa.login_test.LogIn_TestCase" time="21.609" errors="0" timestamp="2019-10-27T13:18:06 IST" skipped="0">
  <testcase classname="com.filta.qa.login_test.LogIn_TestCase" name="signInTesting" time="21.609"/>
</testsuite> <!-- com.filta.qa.login_test.LogIn_TestCase -->
