<?xml version="1.0" encoding="UTF-8"?>
<!-- Generated by org.testng.reporters.JUnitReportReporter -->
<testsuite hostname="DESKTOP-R97L6J5" failures="0" tests="9" name="com.filta.qa.login_test.ForgetPassword_TestCase" time="11.096" errors="0" timestamp="2019-10-28T13:42:25 IST" skipped="0">
  <testcase classname="com.filta.qa.login_test.ForgetPassword_TestCase" name="brokenLink" time="2.493"/>
  <testcase classname="com.filta.qa.login_test.ForgetPassword_TestCase" name="forgotPassWord" time="4.392"/>
  <testcase classname="com.filta.qa.login_test.ForgetPassword_TestCase" name="checkLink" time="0.108"/>
  <testcase classname="com.filta.qa.login_test.ForgetPassword_TestCase" name="forgotPassWordInvalid" time="1.433"/>
  <testcase classname="com.filta.qa.login_test.ForgetPassword_TestCase" name="forgotPassWordInvalid2" time="1.365"/>
  <testcase classname="com.filta.qa.login_test.ForgetPassword_TestCase" name="forgotPassWordInvalid3" time="0.291"/>
  <testcase classname="com.filta.qa.login_test.ForgetPassword_TestCase" name="forgotPassWordInvalid4" time="0.248"/>
  <testcase classname="com.filta.qa.login_test.ForgetPassword_TestCase" name="textboxCheck" time="0.039"/>
  <testcase classname="com.filta.qa.login_test.ForgetPassword_TestCase" name="labelCheck" time="0.727"/>
</testsuite> <!-- com.filta.qa.login_test.ForgetPassword_TestCase -->
