<?xml version="1.0" encoding="UTF-8"?>
<!-- Generated by org.testng.reporters.JUnitReportReporter -->
<testsuite skipped="0" hostname="QA020" name="testCases_HomePageFranchisee.HomePage_TestCase" tests="5" failures="0" timestamp="29 Mar 2019 14:08:35 GMT" time="5.236" errors="0">
  <testcase name="checkMenubar" time="0.226" classname="testCases_HomePageFranchisee.HomePage_TestCase"/>
  <testcase name="menuScreenCheck" time="3.754" classname="testCases_HomePageFranchisee.HomePage_TestCase"/>
  <testcase name="checkText" time="0.336" classname="testCases_HomePageFranchisee.HomePage_TestCase"/>
  <testcase name="checkTable" time="0.814" classname="testCases_HomePageFranchisee.HomePage_TestCase"/>
  <testcase name="checkToolTip" time="0.106" classname="testCases_HomePageFranchisee.HomePage_TestCase"/>
</testsuite> <!-- testCases_HomePageFranchisee.HomePage_TestCase -->
