<?xml version="1.0" encoding="UTF-8"?>
<!-- Generated by org.testng.reporters.JUnitReportReporter -->
<testsuite skipped="0" hostname="DESKTOP-CAL1G80" name="testCases_Customer.PerLb_TestCase" tests="1" failures="0" timestamp="02 Jun 2019 13:32:54 GMT" time="0.016" errors="0">
  <testcase name="test" time="0.016" classname="testCases_Customer.PerLb_TestCase"/>
</testsuite> <!-- testCases_Customer.PerLb_TestCase -->
