<?xml version="1.0" encoding="UTF-8"?>
<!-- Generated by org.testng.reporters.JUnitReportReporter -->
<testsuite hostname="QA020" name="testCases_HomePageFranchisee.HomePage_TestCase" tests="8" failures="0" timestamp="1 Apr 2019 04:59:48 GMT" time="25.723" errors="0">
  <testcase name="checkToolTip" time="0.177" classname="testCases_HomePageFranchisee.HomePage_TestCase"/>
  <testcase name="checkWidget" time="12.902" classname="testCases_HomePageFranchisee.HomePage_TestCase"/>
  <testcase name="checkColor" time="0.219" classname="testCases_HomePageFranchisee.HomePage_TestCase"/>
  <testcase name="checkUserNameOnHomePage" time="6.454" classname="testCases_HomePageFranchisee.HomePage_TestCase"/>
  <testcase name="checkText" time="0.542" classname="testCases_HomePageFranchisee.HomePage_TestCase"/>
  <testcase name="checkTable" time="0.849" classname="testCases_HomePageFranchisee.HomePage_TestCase"/>
  <testcase name="checkMenubar" time="0.271" classname="testCases_HomePageFranchisee.HomePage_TestCase"/>
  <testcase name="menuScreenCheck" time="4.309" classname="testCases_HomePageFranchisee.HomePage_TestCase"/>
</testsuite> <!-- testCases_HomePageFranchisee.HomePage_TestCase -->
