<?xml version="1.0" encoding="UTF-8"?>
<!-- Generated by org.testng.reporters.JUnitReportReporter -->
<testsuite hostname="QA020" name="com.filta.qa.login_test.ForgetPassword_TestCase" tests="9" failures="0" timestamp="8 Nov 2019 06:06:48 GMT" time="11.242" errors="0">
  <testcase name="forgotPassWord" time="3.603" classname="com.filta.qa.login_test.ForgetPassword_TestCase"/>
  <testcase name="forgotPassWordInvalid3" time="0.272" classname="com.filta.qa.login_test.ForgetPassword_TestCase"/>
  <testcase name="forgotPassWordInvalid" time="1.386" classname="com.filta.qa.login_test.ForgetPassword_TestCase"/>
  <testcase name="forgotPassWordInvalid4" time="0.222" classname="com.filta.qa.login_test.ForgetPassword_TestCase"/>
  <testcase name="forgotPassWordInvalid2" time="1.267" classname="com.filta.qa.login_test.ForgetPassword_TestCase"/>
  <testcase name="checkLink" time="0.105" classname="com.filta.qa.login_test.ForgetPassword_TestCase"/>
  <testcase name="brokenLink" time="3.677" classname="com.filta.qa.login_test.ForgetPassword_TestCase"/>
  <testcase name="textboxCheck" time="0.032" classname="com.filta.qa.login_test.ForgetPassword_TestCase"/>
  <testcase name="labelCheck" time="0.678" classname="com.filta.qa.login_test.ForgetPassword_TestCase"/>
</testsuite> <!-- com.filta.qa.login_test.ForgetPassword_TestCase -->
