<?xml version="1.0" encoding="UTF-8"?>
<!-- Generated by org.testng.reporters.JUnitReportReporter -->
<testsuite hostname="DESKTOP-R97L6J5" failures="0" tests="1" name="com.filta.qa.customer_test.PerLb_TestCase" time="0.022" errors="0" timestamp="2019-10-23T21:54:40 IST" skipped="0">
  <testcase classname="com.filta.qa.customer_test.PerLb_TestCase" name="test" time="0.022"/>
</testsuite> <!-- com.filta.qa.customer_test.PerLb_TestCase -->
