<?xml version="1.0" encoding="UTF-8"?>
<!-- Generated by org.testng.reporters.JUnitReportReporter -->
<testsuite hostname="DESKTOP-QAAM6LB" failures="0" tests="6" name="com.filta.qa.login_test.LogInInvalid_TestCase" time="9.689" errors="0" timestamp="2019-10-05T19:19:45 IST" skipped="0">
  <testcase classname="com.filta.qa.login_test.LogInInvalid_TestCase" name="signInWithInvalidCredentails" time="1.816"/>
  <testcase classname="com.filta.qa.login_test.LogInInvalid_TestCase" name="signInWithInvalidCredentails2" time="1.777"/>
  <testcase classname="com.filta.qa.login_test.LogInInvalid_TestCase" name="signInWithInvalidCredentails4" time="1.774"/>
  <testcase classname="com.filta.qa.login_test.LogInInvalid_TestCase" name="signInWithInvalidCredentails3" time="1.785"/>
  <testcase classname="com.filta.qa.login_test.LogInInvalid_TestCase" name="availableLinks" time="0.103"/>
  <testcase classname="com.filta.qa.login_test.LogInInvalid_TestCase" name="getBrokenLink" time="2.434"/>
</testsuite> <!-- com.filta.qa.login_test.LogInInvalid_TestCase -->
