<?xml version="1.0" encoding="UTF-8"?>
<!-- Generated by org.testng.reporters.JUnitReportReporter -->
<testsuite skipped="0" hostname="QA020" name="testCases_LoginPage.LoginPage_TestCase" tests="1" failures="0" timestamp="29 Mar 2019 04:35:13 GMT" time="0.051" errors="0">
  <testcase name="checktext" time="0.051" classname="testCases_LoginPage.LoginPage_TestCase"/>
</testsuite> <!-- testCases_LoginPage.LoginPage_TestCase -->
