<?xml version="1.0" encoding="UTF-8"?>
<!-- Generated by org.testng.reporters.JUnitReportReporter -->
<testsuite skipped="0" hostname="DESKTOP-CAL1G80" name="testCases_Customer.PerFryer_TestCase" tests="2" failures="0" timestamp="15 May 2019 18:25:49 GMT" time="30.318" errors="0">
  <testcase name="checkCustomerBasicInfo" time="24.985" classname="testCases_Customer.PerFryer_TestCase"/>
  <testcase name="checkCustomerURL" time="5.333" classname="testCases_Customer.PerFryer_TestCase"/>
</testsuite> <!-- testCases_Customer.PerFryer_TestCase -->
