<?xml version="1.0" encoding="UTF-8"?>
<!-- Generated by org.testng.reporters.JUnitReportReporter -->
<testsuite skipped="0" hostname="DESKTOP-CAL1G80" name="testCases_LoginPage.LoginInvalid_TestCase" tests="4" failures="0" timestamp="27 Mar 2019 19:15:24 GMT" time="9.229" errors="0">
  <testcase name="signInWithInvalidCredentails" time="2.166" classname="testCases_LoginPage.LoginInvalid_TestCase"/>
  <testcase name="signInWithInvalidCredentails2" time="2.134" classname="testCases_LoginPage.LoginInvalid_TestCase"/>
  <testcase name="signInWithInvalidCredentails3" time="2.532" classname="testCases_LoginPage.LoginInvalid_TestCase"/>
  <testcase name="signInWithInvalidCredentails4" time="2.397" classname="testCases_LoginPage.LoginInvalid_TestCase"/>
</testsuite> <!-- testCases_LoginPage.LoginInvalid_TestCase -->
