<?xml version="1.0" encoding="UTF-8"?>
<!-- Generated by org.testng.reporters.JUnitReportReporter -->
<testsuite skipped="0" hostname="QA020" name="testCases_LoginPage.LoginPage_TestCase" tests="2" failures="0" timestamp="28 Mar 2019 10:47:23 GMT" time="0.140" errors="0">
  <testcase name="checktext" time="0.057" classname="testCases_LoginPage.LoginPage_TestCase"/>
  <testcase name="checkDropDown" time="0.083" classname="testCases_LoginPage.LoginPage_TestCase"/>
</testsuite> <!-- testCases_LoginPage.LoginPage_TestCase -->
