<?xml version="1.0" encoding="UTF-8"?>
<!-- Generated by org.testng.reporters.JUnitReportReporter -->
<testsuite skipped="0" hostname="DESKTOP-UEV8QTG" name="testCases_LoginPage.LoginInvalid_TestCase" tests="1" failures="0" timestamp="28 Mar 2019 18:58:29 GMT" time="2.135" errors="0">
  <testcase name="signInWithInvalidCredentails" time="2.135" classname="testCases_LoginPage.LoginInvalid_TestCase"/>
</testsuite> <!-- testCases_LoginPage.LoginInvalid_TestCase -->
