<?xml version="1.0" encoding="UTF-8"?>
<!-- Generated by org.testng.reporters.JUnitReportReporter -->
<testsuite hostname="DESKTOP-QAAM6LB" failures="0" tests="8" name="com.filta.qa.home_franchisee_test.HomePage_TestCase" time="35.198" errors="0" timestamp="2019-10-05T21:15:08 IST" skipped="0">
  <testcase classname="com.filta.qa.home_franchisee_test.HomePage_TestCase" name="checkMenubar" time="0.508"/>
  <testcase classname="com.filta.qa.home_franchisee_test.HomePage_TestCase" name="menuScreenCheck" time="4.788"/>
  <testcase classname="com.filta.qa.home_franchisee_test.HomePage_TestCase" name="checkText" time="0.003"/>
  <testcase classname="com.filta.qa.home_franchisee_test.HomePage_TestCase" name="checkTable" time="0.007"/>
  <testcase classname="com.filta.qa.home_franchisee_test.HomePage_TestCase" name="checkToolTip" time="0.373"/>
  <testcase classname="com.filta.qa.home_franchisee_test.HomePage_TestCase" name="checkWidget" time="17.803"/>
  <testcase classname="com.filta.qa.home_franchisee_test.HomePage_TestCase" name="checkColor" time="0.476"/>
  <testcase classname="com.filta.qa.home_franchisee_test.HomePage_TestCase" name="checkUserNameOnHomePage" time="11.240"/>
</testsuite> <!-- com.filta.qa.home_franchisee_test.HomePage_TestCase -->
